{
  "numFailedTestSuites": 2,
  "numFailedTests": 13,
  "numPassedTestSuites": 14,
  "numPassedTests": 227,
  "numPendingTestSuites": 0,
  "numPendingTests": 0,
  "numRuntimeErrorTestSuites": 0,
  "numTodoTests": 0,
  "numTotalTestSuites": 16,
  "numTotalTests": 240,
  "openHandles": [],
  "snapshot": {
    "added": 0,
    "didUpdate": false,
    "failure": false,
    "filesAdded": 0,
    "filesRemoved": 0,
    "filesRemovedList": [],
    "filesUnmatched": 0,
    "filesUpdated": 0,
    "matched": 0,
    "total": 0,
    "unchecked": 0,
    "uncheckedKeysByFile": [],
    "unmatched": 0,
    "updated": 0
  },
  "startTime": 1769493755687,
  "success": false,
  "testResults": [
    {
      "assertionResults": [
        {
          "ancestorTitles": ["Health (e2e)", "GET /api/health"],
          "duration": 1270,
          "failing": false,
          "failureDetails": [
            {
              "matcherResult": {
                "message": "expect(received).toHaveProperty(path)\n\nExpected path: \"status\"\nReceived path: []\n\nReceived value: {\"error\": {\"memory_heap\": {\"message\": \"Used heap exceeded the set threshold\", \"status\": \"down\"}}, \"message\": \"Service Unavailable Exception\", \"method\": \"GET\", \"path\": \"/api/v1/health\", \"statusCode\": 503, \"timestamp\": \"2026-01-27T06:02:58.343Z\"}",
                "pass": false
              }
            }
          ],
          "failureMessages": [
            "Error: expect(received).toHaveProperty(path)\n\nExpected path: \"status\"\nReceived path: []\n\nReceived value: {\"error\": {\"memory_heap\": {\"message\": \"Used heap exceeded the set threshold\", \"status\": \"down\"}}, \"message\": \"Service Unavailable Exception\", \"method\": \"GET\", \"path\": \"/api/v1/health\", \"statusCode\": 503, \"timestamp\": \"2026-01-27T06:02:58.343Z\"}\n    at Object.<anonymous> (F:\\work\\students-management\\backend\\test\\health.e2e-spec.ts:29:10)\n    at Promise.finally.completed (F:\\work\\students-management\\backend\\node_modules\\jest-circus\\build\\jestAdapterInit.js:1557:28)\n    at new Promise (<anonymous>)\n    at callAsyncCircusFn (F:\\work\\students-management\\backend\\node_modules\\jest-circus\\build\\jestAdapterInit.js:1497:10)\n    at _callCircusTest (F:\\work\\students-management\\backend\\node_modules\\jest-circus\\build\\jestAdapterInit.js:1007:40)\n    at processTicksAndRejections (node:internal/process/task_queues:95:5)\n    at _runTest (F:\\work\\students-management\\backend\\node_modules\\jest-circus\\build\\jestAdapterInit.js:947:3)\n    at F:\\work\\students-management\\backend\\node_modules\\jest-circus\\build\\jestAdapterInit.js:849:7\n    at _runTestsForDescribeBlock (F:\\work\\students-management\\backend\\node_modules\\jest-circus\\build\\jestAdapterInit.js:862:11)\n    at _runTestsForDescribeBlock (F:\\work\\students-management\\backend\\node_modules\\jest-circus\\build\\jestAdapterInit.js:857:11)\n    at _runTestsForDescribeBlock (F:\\work\\students-management\\backend\\node_modules\\jest-circus\\build\\jestAdapterInit.js:857:11)\n    at run (F:\\work\\students-management\\backend\\node_modules\\jest-circus\\build\\jestAdapterInit.js:761:3)\n    at runAndTransformResultsToJestFormat (F:\\work\\students-management\\backend\\node_modules\\jest-circus\\build\\jestAdapterInit.js:1918:21)\n    at jestAdapter (F:\\work\\students-management\\backend\\node_modules\\jest-circus\\build\\runner.js:101:19)\n    at runTestInternal (F:\\work\\students-management\\backend\\node_modules\\jest-runner\\build\\testWorker.js:275:16)\n    at runTest (F:\\work\\students-management\\backend\\node_modules\\jest-runner\\build\\testWorker.js:343:7)\n    at Object.worker (F:\\work\\students-management\\backend\\node_modules\\jest-runner\\build\\testWorker.js:497:12)\n----\n    at F:\\work\\students-management\\backend\\test\\health.e2e-spec.ts:32:28\n    at F:\\work\\students-management\\backend\\node_modules\\supertest\\lib\\test.js:365:13\n    at Test._assertFunction (F:\\work\\students-management\\backend\\node_modules\\supertest\\lib\\test.js:342:13)\n    at Test.assert (F:\\work\\students-management\\backend\\node_modules\\supertest\\lib\\test.js:195:23)\n    at localAssert (F:\\work\\students-management\\backend\\node_modules\\supertest\\lib\\test.js:138:14)\n    at Server.<anonymous> (F:\\work\\students-management\\backend\\node_modules\\supertest\\lib\\test.js:152:11)\n    at Object.onceWrapper (node:events:633:28)\n    at Server.emit (node:events:519:28)\n    at emitCloseNT (node:net:2340:8)\n    at processTicksAndRejections (node:internal/process/task_queues:81:21)"
          ],
          "fullName": "Health (e2e) GET /api/health should return health status (may be 200 or 503 depending on thresholds)",
          "invocations": 1,
          "location": null,
          "numPassingAsserts": 1,
          "retryReasons": [],
          "startAt": 1769493777094,
          "status": "failed",
          "title": "should return health status (may be 200 or 503 depending on thresholds)"
        },
        {
          "ancestorTitles": ["Health (e2e)", "GET /api/health/liveness"],
          "duration": 20,
          "failing": false,
          "failureDetails": [],
          "failureMessages": [],
          "fullName": "Health (e2e) GET /api/health/liveness should return liveness status",
          "invocations": 1,
          "location": null,
          "numPassingAsserts": 2,
          "retryReasons": [],
          "startAt": 1769493778366,
          "status": "passed",
          "title": "should return liveness status"
        },
        {
          "ancestorTitles": ["Health (e2e)", "GET /api/health/readiness"],
          "duration": 15,
          "failing": false,
          "failureDetails": [],
          "failureMessages": [],
          "fullName": "Health (e2e) GET /api/health/readiness should return readiness status (may be 200 or 503)",
          "invocations": 1,
          "location": null,
          "numPassingAsserts": 2,
          "retryReasons": [],
          "startAt": 1769493778386,
          "status": "passed",
          "title": "should return readiness status (may be 200 or 503)"
        }
      ],
      "endTime": 1769493778482,
      "message": "  ● Health (e2e) › GET /api/health › should return health status (may be 200 or 503 depending on thresholds)\n\n    expect(received).toHaveProperty(path)\n\n    Expected path: \"status\"\n    Received path: []\n\n    Received value: {\"error\": {\"memory_heap\": {\"message\": \"Used heap exceeded the set threshold\", \"status\": \"down\"}}, \"message\": \"Service Unavailable Exception\", \"method\": \"GET\", \"path\": \"/api/v1/health\", \"statusCode\": 503, \"timestamp\": \"2026-01-27T06:02:58.343Z\"}\n\n    \u001b[0m \u001b[90m 27 |\u001b[39m       \u001b[36mreturn\u001b[39m request(app\u001b[33m.\u001b[39mgetHttpServer())\n     \u001b[90m 28 |\u001b[39m         \u001b[33m.\u001b[39m\u001b[36mget\u001b[39m(\u001b[32m'/api/v1/health'\u001b[39m)\n    \u001b[31m\u001b[1m>\u001b[22m\u001b[39m\u001b[90m 29 |\u001b[39m         \u001b[33m.\u001b[39mexpect((res) \u001b[33m=>\u001b[39m {\n     \u001b[90m    |\u001b[39m          \u001b[31m\u001b[1m^\u001b[22m\u001b[39m\n     \u001b[90m 30 |\u001b[39m           \u001b[90m// Accept both 200 (ok) and 503 (service unavailable due to memory thresholds)\u001b[39m\n     \u001b[90m 31 |\u001b[39m           expect([\u001b[35m200\u001b[39m\u001b[33m,\u001b[39m \u001b[35m503\u001b[39m])\u001b[33m.\u001b[39mtoContain(res\u001b[33m.\u001b[39mstatus)\u001b[33m;\u001b[39m\n     \u001b[90m 32 |\u001b[39m           expect(res\u001b[33m.\u001b[39mbody)\u001b[33m.\u001b[39mtoHaveProperty(\u001b[32m'status'\u001b[39m)\u001b[33m;\u001b[39m\u001b[0m\n\n      at Object.<anonymous> (health.e2e-spec.ts:29:10)\n      ----\n      at health.e2e-spec.ts:32:28\n      at ../node_modules/supertest/lib/test.js:365:13\n      at Test._assertFunction (../node_modules/supertest/lib/test.js:342:13)\n      at Test.assert (../node_modules/supertest/lib/test.js:195:23)\n      at localAssert (../node_modules/supertest/lib/test.js:138:14)\n      at Server.<anonymous> (../node_modules/supertest/lib/test.js:152:11)\n",
      "name": "F:\\work\\students-management\\backend\\test\\health.e2e-spec.ts",
      "startTime": 1769493757505,
      "status": "failed",
      "summary": ""
    },
    {
      "assertionResults": [
        {
          "ancestorTitles": [
            "AcademicTermsController (e2e)",
            "POST /academic-terms"
          ],
          "duration": 30,
          "failing": false,
          "failureDetails": [{}],
          "failureMessages": [
            "Error: expected 201 \"Created\", got 404 \"Not Found\"\n    at Object.<anonymous> (F:\\work\\students-management\\backend\\test\\academic-terms.e2e-spec.ts:69:10)\n    at Promise.finally.completed (F:\\work\\students-management\\backend\\node_modules\\jest-circus\\build\\jestAdapterInit.js:1557:28)\n    at new Promise (<anonymous>)\n    at callAsyncCircusFn (F:\\work\\students-management\\backend\\node_modules\\jest-circus\\build\\jestAdapterInit.js:1497:10)\n    at _callCircusTest (F:\\work\\students-management\\backend\\node_modules\\jest-circus\\build\\jestAdapterInit.js:1007:40)\n    at processTicksAndRejections (node:internal/process/task_queues:95:5)\n    at _runTest (F:\\work\\students-management\\backend\\node_modules\\jest-circus\\build\\jestAdapterInit.js:947:3)\n    at F:\\work\\students-management\\backend\\node_modules\\jest-circus\\build\\jestAdapterInit.js:849:7\n    at _runTestsForDescribeBlock (F:\\work\\students-management\\backend\\node_modules\\jest-circus\\build\\jestAdapterInit.js:862:11)\n    at _runTestsForDescribeBlock (F:\\work\\students-management\\backend\\node_modules\\jest-circus\\build\\jestAdapterInit.js:857:11)\n    at _runTestsForDescribeBlock (F:\\work\\students-management\\backend\\node_modules\\jest-circus\\build\\jestAdapterInit.js:857:11)\n    at run (F:\\work\\students-management\\backend\\node_modules\\jest-circus\\build\\jestAdapterInit.js:761:3)\n    at runAndTransformResultsToJestFormat (F:\\work\\students-management\\backend\\node_modules\\jest-circus\\build\\jestAdapterInit.js:1918:21)\n    at jestAdapter (F:\\work\\students-management\\backend\\node_modules\\jest-circus\\build\\runner.js:101:19)\n    at runTestInternal (F:\\work\\students-management\\backend\\node_modules\\jest-runner\\build\\testWorker.js:275:16)\n    at runTest (F:\\work\\students-management\\backend\\node_modules\\jest-runner\\build\\testWorker.js:343:7)\n    at Object.worker (F:\\work\\students-management\\backend\\node_modules\\jest-runner\\build\\testWorker.js:497:12)\n----\n    at Test._assertStatus (F:\\work\\students-management\\backend\\node_modules\\supertest\\lib\\test.js:309:14)\n    at F:\\work\\students-management\\backend\\node_modules\\supertest\\lib\\test.js:365:13\n    at Test._assertFunction (F:\\work\\students-management\\backend\\node_modules\\supertest\\lib\\test.js:342:13)\n    at Test.assert (F:\\work\\students-management\\backend\\node_modules\\supertest\\lib\\test.js:195:23)\n    at localAssert (F:\\work\\students-management\\backend\\node_modules\\supertest\\lib\\test.js:138:14)\n    at Server.<anonymous> (F:\\work\\students-management\\backend\\node_modules\\supertest\\lib\\test.js:152:11)\n    at Object.onceWrapper (node:events:633:28)\n    at Server.emit (node:events:519:28)\n    at emitCloseNT (node:net:2340:8)\n    at processTicksAndRejections (node:internal/process/task_queues:81:21)"
          ],
          "fullName": "AcademicTermsController (e2e) POST /academic-terms admin should create academic term",
          "invocations": 1,
          "location": null,
          "numPassingAsserts": 0,
          "retryReasons": [],
          "startAt": 1769493779570,
          "status": "failed",
          "title": "admin should create academic term"
        },
        {
          "ancestorTitles": [
            "AcademicTermsController (e2e)",
            "POST /academic-terms"
          ],
          "duration": 17,
          "failing": false,
          "failureDetails": [{}],
          "failureMessages": [
            "Error: expected 400 \"Bad Request\", got 404 \"Not Found\"\n    at Object.<anonymous> (F:\\work\\students-management\\backend\\test\\academic-terms.e2e-spec.ts:88:10)\n    at Promise.finally.completed (F:\\work\\students-management\\backend\\node_modules\\jest-circus\\build\\jestAdapterInit.js:1557:28)\n    at new Promise (<anonymous>)\n    at callAsyncCircusFn (F:\\work\\students-management\\backend\\node_modules\\jest-circus\\build\\jestAdapterInit.js:1497:10)\n    at _callCircusTest (F:\\work\\students-management\\backend\\node_modules\\jest-circus\\build\\jestAdapterInit.js:1007:40)\n    at processTicksAndRejections (node:internal/process/task_queues:95:5)\n    at _runTest (F:\\work\\students-management\\backend\\node_modules\\jest-circus\\build\\jestAdapterInit.js:947:3)\n    at F:\\work\\students-management\\backend\\node_modules\\jest-circus\\build\\jestAdapterInit.js:849:7\n    at _runTestsForDescribeBlock (F:\\work\\students-management\\backend\\node_modules\\jest-circus\\build\\jestAdapterInit.js:862:11)\n    at _runTestsForDescribeBlock (F:\\work\\students-management\\backend\\node_modules\\jest-circus\\build\\jestAdapterInit.js:857:11)\n    at _runTestsForDescribeBlock (F:\\work\\students-management\\backend\\node_modules\\jest-circus\\build\\jestAdapterInit.js:857:11)\n    at run (F:\\work\\students-management\\backend\\node_modules\\jest-circus\\build\\jestAdapterInit.js:761:3)\n    at runAndTransformResultsToJestFormat (F:\\work\\students-management\\backend\\node_modules\\jest-circus\\build\\jestAdapterInit.js:1918:21)\n    at jestAdapter (F:\\work\\students-management\\backend\\node_modules\\jest-circus\\build\\runner.js:101:19)\n    at runTestInternal (F:\\work\\students-management\\backend\\node_modules\\jest-runner\\build\\testWorker.js:275:16)\n    at runTest (F:\\work\\students-management\\backend\\node_modules\\jest-runner\\build\\testWorker.js:343:7)\n    at Object.worker (F:\\work\\students-management\\backend\\node_modules\\jest-runner\\build\\testWorker.js:497:12)\n----\n    at Test._assertStatus (F:\\work\\students-management\\backend\\node_modules\\supertest\\lib\\test.js:309:14)\n    at F:\\work\\students-management\\backend\\node_modules\\supertest\\lib\\test.js:365:13\n    at Test._assertFunction (F:\\work\\students-management\\backend\\node_modules\\supertest\\lib\\test.js:342:13)\n    at Test.assert (F:\\work\\students-management\\backend\\node_modules\\supertest\\lib\\test.js:195:23)\n    at localAssert (F:\\work\\students-management\\backend\\node_modules\\supertest\\lib\\test.js:138:14)\n    at Server.<anonymous> (F:\\work\\students-management\\backend\\node_modules\\supertest\\lib\\test.js:152:11)\n    at Object.onceWrapper (node:events:633:28)\n    at Server.emit (node:events:519:28)\n    at emitCloseNT (node:net:2340:8)\n    at processTicksAndRejections (node:internal/process/task_queues:81:21)"
          ],
          "fullName": "AcademicTermsController (e2e) POST /academic-terms should validate date range (start < end)",
          "invocations": 1,
          "location": null,
          "numPassingAsserts": 0,
          "retryReasons": [],
          "startAt": 1769493779602,
          "status": "failed",
          "title": "should validate date range (start < end)"
        },
        {
          "ancestorTitles": [
            "AcademicTermsController (e2e)",
            "POST /academic-terms"
          ],
          "duration": 11,
          "failing": false,
          "failureDetails": [{}],
          "failureMessages": [
            "Error: expected 201 \"Created\", got 404 \"Not Found\"\n    at Object.<anonymous> (F:\\work\\students-management\\backend\\test\\academic-terms.e2e-spec.ts:105:10)\n    at Promise.finally.completed (F:\\work\\students-management\\backend\\node_modules\\jest-circus\\build\\jestAdapterInit.js:1557:28)\n    at new Promise (<anonymous>)\n    at callAsyncCircusFn (F:\\work\\students-management\\backend\\node_modules\\jest-circus\\build\\jestAdapterInit.js:1497:10)\n    at _callCircusTest (F:\\work\\students-management\\backend\\node_modules\\jest-circus\\build\\jestAdapterInit.js:1007:40)\n    at processTicksAndRejections (node:internal/process/task_queues:95:5)\n    at _runTest (F:\\work\\students-management\\backend\\node_modules\\jest-circus\\build\\jestAdapterInit.js:947:3)\n    at F:\\work\\students-management\\backend\\node_modules\\jest-circus\\build\\jestAdapterInit.js:849:7\n    at _runTestsForDescribeBlock (F:\\work\\students-management\\backend\\node_modules\\jest-circus\\build\\jestAdapterInit.js:862:11)\n    at _runTestsForDescribeBlock (F:\\work\\students-management\\backend\\node_modules\\jest-circus\\build\\jestAdapterInit.js:857:11)\n    at _runTestsForDescribeBlock (F:\\work\\students-management\\backend\\node_modules\\jest-circus\\build\\jestAdapterInit.js:857:11)\n    at run (F:\\work\\students-management\\backend\\node_modules\\jest-circus\\build\\jestAdapterInit.js:761:3)\n    at runAndTransformResultsToJestFormat (F:\\work\\students-management\\backend\\node_modules\\jest-circus\\build\\jestAdapterInit.js:1918:21)\n    at jestAdapter (F:\\work\\students-management\\backend\\node_modules\\jest-circus\\build\\runner.js:101:19)\n    at runTestInternal (F:\\work\\students-management\\backend\\node_modules\\jest-runner\\build\\testWorker.js:275:16)\n    at runTest (F:\\work\\students-management\\backend\\node_modules\\jest-runner\\build\\testWorker.js:343:7)\n    at Object.worker (F:\\work\\students-management\\backend\\node_modules\\jest-runner\\build\\testWorker.js:497:12)\n----\n    at Test._assertStatus (F:\\work\\students-management\\backend\\node_modules\\supertest\\lib\\test.js:309:14)\n    at F:\\work\\students-management\\backend\\node_modules\\supertest\\lib\\test.js:365:13\n    at Test._assertFunction (F:\\work\\students-management\\backend\\node_modules\\supertest\\lib\\test.js:342:13)\n    at Test.assert (F:\\work\\students-management\\backend\\node_modules\\supertest\\lib\\test.js:195:23)\n    at localAssert (F:\\work\\students-management\\backend\\node_modules\\supertest\\lib\\test.js:138:14)\n    at Server.<anonymous> (F:\\work\\students-management\\backend\\node_modules\\supertest\\lib\\test.js:152:11)\n    at Object.onceWrapper (node:events:633:28)\n    at Server.emit (node:events:519:28)\n    at emitCloseNT (node:net:2340:8)\n    at processTicksAndRejections (node:internal/process/task_queues:81:21)"
          ],
          "fullName": "AcademicTermsController (e2e) POST /academic-terms should reject duplicate name",
          "invocations": 1,
          "location": null,
          "numPassingAsserts": 0,
          "retryReasons": [],
          "startAt": 1769493779619,
          "status": "failed",
          "title": "should reject duplicate name"
        },
        {
          "ancestorTitles": [
            "AcademicTermsController (e2e)",
            "POST /academic-terms"
          ],
          "duration": 14,
          "failing": false,
          "failureDetails": [{}],
          "failureMessages": [
            "Error: expected 403 \"Forbidden\", got 404 \"Not Found\"\n    at Object.<anonymous> (F:\\work\\students-management\\backend\\test\\academic-terms.e2e-spec.ts:131:10)\n    at Promise.finally.completed (F:\\work\\students-management\\backend\\node_modules\\jest-circus\\build\\jestAdapterInit.js:1557:28)\n    at new Promise (<anonymous>)\n    at callAsyncCircusFn (F:\\work\\students-management\\backend\\node_modules\\jest-circus\\build\\jestAdapterInit.js:1497:10)\n    at _callCircusTest (F:\\work\\students-management\\backend\\node_modules\\jest-circus\\build\\jestAdapterInit.js:1007:40)\n    at processTicksAndRejections (node:internal/process/task_queues:95:5)\n    at _runTest (F:\\work\\students-management\\backend\\node_modules\\jest-circus\\build\\jestAdapterInit.js:947:3)\n    at F:\\work\\students-management\\backend\\node_modules\\jest-circus\\build\\jestAdapterInit.js:849:7\n    at _runTestsForDescribeBlock (F:\\work\\students-management\\backend\\node_modules\\jest-circus\\build\\jestAdapterInit.js:862:11)\n    at _runTestsForDescribeBlock (F:\\work\\students-management\\backend\\node_modules\\jest-circus\\build\\jestAdapterInit.js:857:11)\n    at _runTestsForDescribeBlock (F:\\work\\students-management\\backend\\node_modules\\jest-circus\\build\\jestAdapterInit.js:857:11)\n    at run (F:\\work\\students-management\\backend\\node_modules\\jest-circus\\build\\jestAdapterInit.js:761:3)\n    at runAndTransformResultsToJestFormat (F:\\work\\students-management\\backend\\node_modules\\jest-circus\\build\\jestAdapterInit.js:1918:21)\n    at jestAdapter (F:\\work\\students-management\\backend\\node_modules\\jest-circus\\build\\runner.js:101:19)\n    at runTestInternal (F:\\work\\students-management\\backend\\node_modules\\jest-runner\\build\\testWorker.js:275:16)\n    at runTest (F:\\work\\students-management\\backend\\node_modules\\jest-runner\\build\\testWorker.js:343:7)\n    at Object.worker (F:\\work\\students-management\\backend\\node_modules\\jest-runner\\build\\testWorker.js:497:12)\n----\n    at Test._assertStatus (F:\\work\\students-management\\backend\\node_modules\\supertest\\lib\\test.js:309:14)\n    at F:\\work\\students-management\\backend\\node_modules\\supertest\\lib\\test.js:365:13\n    at Test._assertFunction (F:\\work\\students-management\\backend\\node_modules\\supertest\\lib\\test.js:342:13)\n    at Test.assert (F:\\work\\students-management\\backend\\node_modules\\supertest\\lib\\test.js:195:23)\n    at localAssert (F:\\work\\students-management\\backend\\node_modules\\supertest\\lib\\test.js:138:14)\n    at Server.<anonymous> (F:\\work\\students-management\\backend\\node_modules\\supertest\\lib\\test.js:152:11)\n    at Object.onceWrapper (node:events:633:28)\n    at Server.emit (node:events:519:28)\n    at emitCloseNT (node:net:2340:8)\n    at processTicksAndRejections (node:internal/process/task_queues:81:21)"
          ],
          "fullName": "AcademicTermsController (e2e) POST /academic-terms non-admin should be rejected",
          "invocations": 1,
          "location": null,
          "numPassingAsserts": 0,
          "retryReasons": [],
          "startAt": 1769493779631,
          "status": "failed",
          "title": "non-admin should be rejected"
        },
        {
          "ancestorTitles": [
            "AcademicTermsController (e2e)",
            "GET /academic-terms"
          ],
          "duration": 12,
          "failing": false,
          "failureDetails": [{}],
          "failureMessages": [
            "Error: expected 200 \"OK\", got 404 \"Not Found\"\n    at Object.<anonymous> (F:\\work\\students-management\\backend\\test\\academic-terms.e2e-spec.ts:147:10)\n    at Promise.finally.completed (F:\\work\\students-management\\backend\\node_modules\\jest-circus\\build\\jestAdapterInit.js:1557:28)\n    at new Promise (<anonymous>)\n    at callAsyncCircusFn (F:\\work\\students-management\\backend\\node_modules\\jest-circus\\build\\jestAdapterInit.js:1497:10)\n    at _callCircusTest (F:\\work\\students-management\\backend\\node_modules\\jest-circus\\build\\jestAdapterInit.js:1007:40)\n    at processTicksAndRejections (node:internal/process/task_queues:95:5)\n    at _runTest (F:\\work\\students-management\\backend\\node_modules\\jest-circus\\build\\jestAdapterInit.js:947:3)\n    at F:\\work\\students-management\\backend\\node_modules\\jest-circus\\build\\jestAdapterInit.js:849:7\n    at _runTestsForDescribeBlock (F:\\work\\students-management\\backend\\node_modules\\jest-circus\\build\\jestAdapterInit.js:862:11)\n    at _runTestsForDescribeBlock (F:\\work\\students-management\\backend\\node_modules\\jest-circus\\build\\jestAdapterInit.js:857:11)\n    at _runTestsForDescribeBlock (F:\\work\\students-management\\backend\\node_modules\\jest-circus\\build\\jestAdapterInit.js:857:11)\n    at run (F:\\work\\students-management\\backend\\node_modules\\jest-circus\\build\\jestAdapterInit.js:761:3)\n    at runAndTransformResultsToJestFormat (F:\\work\\students-management\\backend\\node_modules\\jest-circus\\build\\jestAdapterInit.js:1918:21)\n    at jestAdapter (F:\\work\\students-management\\backend\\node_modules\\jest-circus\\build\\runner.js:101:19)\n    at runTestInternal (F:\\work\\students-management\\backend\\node_modules\\jest-runner\\build\\testWorker.js:275:16)\n    at runTest (F:\\work\\students-management\\backend\\node_modules\\jest-runner\\build\\testWorker.js:343:7)\n    at Object.worker (F:\\work\\students-management\\backend\\node_modules\\jest-runner\\build\\testWorker.js:497:12)\n----\n    at Test._assertStatus (F:\\work\\students-management\\backend\\node_modules\\supertest\\lib\\test.js:309:14)\n    at F:\\work\\students-management\\backend\\node_modules\\supertest\\lib\\test.js:365:13\n    at Test._assertFunction (F:\\work\\students-management\\backend\\node_modules\\supertest\\lib\\test.js:342:13)\n    at Test.assert (F:\\work\\students-management\\backend\\node_modules\\supertest\\lib\\test.js:195:23)\n    at localAssert (F:\\work\\students-management\\backend\\node_modules\\supertest\\lib\\test.js:138:14)\n    at Server.<anonymous> (F:\\work\\students-management\\backend\\node_modules\\supertest\\lib\\test.js:152:11)\n    at Object.onceWrapper (node:events:633:28)\n    at Server.emit (node:events:519:28)\n    at emitCloseNT (node:net:2340:8)\n    at processTicksAndRejections (node:internal/process/task_queues:81:21)"
          ],
          "fullName": "AcademicTermsController (e2e) GET /academic-terms admin should get all terms",
          "invocations": 1,
          "location": null,
          "numPassingAsserts": 0,
          "retryReasons": [],
          "startAt": 1769493779670,
          "status": "failed",
          "title": "admin should get all terms"
        },
        {
          "ancestorTitles": [
            "AcademicTermsController (e2e)",
            "GET /academic-terms"
          ],
          "duration": 13,
          "failing": false,
          "failureDetails": [{}],
          "failureMessages": [
            "Error: expected 200 \"OK\", got 404 \"Not Found\"\n    at Object.<anonymous> (F:\\work\\students-management\\backend\\test\\academic-terms.e2e-spec.ts:158:10)\n    at Promise.finally.completed (F:\\work\\students-management\\backend\\node_modules\\jest-circus\\build\\jestAdapterInit.js:1557:28)\n    at new Promise (<anonymous>)\n    at callAsyncCircusFn (F:\\work\\students-management\\backend\\node_modules\\jest-circus\\build\\jestAdapterInit.js:1497:10)\n    at _callCircusTest (F:\\work\\students-management\\backend\\node_modules\\jest-circus\\build\\jestAdapterInit.js:1007:40)\n    at processTicksAndRejections (node:internal/process/task_queues:95:5)\n    at _runTest (F:\\work\\students-management\\backend\\node_modules\\jest-circus\\build\\jestAdapterInit.js:947:3)\n    at F:\\work\\students-management\\backend\\node_modules\\jest-circus\\build\\jestAdapterInit.js:849:7\n    at _runTestsForDescribeBlock (F:\\work\\students-management\\backend\\node_modules\\jest-circus\\build\\jestAdapterInit.js:862:11)\n    at _runTestsForDescribeBlock (F:\\work\\students-management\\backend\\node_modules\\jest-circus\\build\\jestAdapterInit.js:857:11)\n    at _runTestsForDescribeBlock (F:\\work\\students-management\\backend\\node_modules\\jest-circus\\build\\jestAdapterInit.js:857:11)\n    at run (F:\\work\\students-management\\backend\\node_modules\\jest-circus\\build\\jestAdapterInit.js:761:3)\n    at runAndTransformResultsToJestFormat (F:\\work\\students-management\\backend\\node_modules\\jest-circus\\build\\jestAdapterInit.js:1918:21)\n    at jestAdapter (F:\\work\\students-management\\backend\\node_modules\\jest-circus\\build\\runner.js:101:19)\n    at runTestInternal (F:\\work\\students-management\\backend\\node_modules\\jest-runner\\build\\testWorker.js:275:16)\n    at runTest (F:\\work\\students-management\\backend\\node_modules\\jest-runner\\build\\testWorker.js:343:7)\n    at Object.worker (F:\\work\\students-management\\backend\\node_modules\\jest-runner\\build\\testWorker.js:497:12)\n----\n    at Test._assertStatus (F:\\work\\students-management\\backend\\node_modules\\supertest\\lib\\test.js:309:14)\n    at F:\\work\\students-management\\backend\\node_modules\\supertest\\lib\\test.js:365:13\n    at Test._assertFunction (F:\\work\\students-management\\backend\\node_modules\\supertest\\lib\\test.js:342:13)\n    at Test.assert (F:\\work\\students-management\\backend\\node_modules\\supertest\\lib\\test.js:195:23)\n    at localAssert (F:\\work\\students-management\\backend\\node_modules\\supertest\\lib\\test.js:138:14)\n    at Server.<anonymous> (F:\\work\\students-management\\backend\\node_modules\\supertest\\lib\\test.js:152:11)\n    at Object.onceWrapper (node:events:633:28)\n    at Server.emit (node:events:519:28)\n    at emitCloseNT (node:net:2340:8)\n    at processTicksAndRejections (node:internal/process/task_queues:81:21)"
          ],
          "fullName": "AcademicTermsController (e2e) GET /academic-terms teacher should access terms",
          "invocations": 1,
          "location": null,
          "numPassingAsserts": 0,
          "retryReasons": [],
          "startAt": 1769493779683,
          "status": "failed",
          "title": "teacher should access terms"
        },
        {
          "ancestorTitles": [
            "AcademicTermsController (e2e)",
            "GET /academic-terms"
          ],
          "duration": 18,
          "failing": false,
          "failureDetails": [{}],
          "failureMessages": [
            "Error: expected 200 \"OK\", got 404 \"Not Found\"\n    at Object.<anonymous> (F:\\work\\students-management\\backend\\test\\academic-terms.e2e-spec.ts:168:10)\n    at Promise.finally.completed (F:\\work\\students-management\\backend\\node_modules\\jest-circus\\build\\jestAdapterInit.js:1557:28)\n    at new Promise (<anonymous>)\n    at callAsyncCircusFn (F:\\work\\students-management\\backend\\node_modules\\jest-circus\\build\\jestAdapterInit.js:1497:10)\n    at _callCircusTest (F:\\work\\students-management\\backend\\node_modules\\jest-circus\\build\\jestAdapterInit.js:1007:40)\n    at processTicksAndRejections (node:internal/process/task_queues:95:5)\n    at _runTest (F:\\work\\students-management\\backend\\node_modules\\jest-circus\\build\\jestAdapterInit.js:947:3)\n    at F:\\work\\students-management\\backend\\node_modules\\jest-circus\\build\\jestAdapterInit.js:849:7\n    at _runTestsForDescribeBlock (F:\\work\\students-management\\backend\\node_modules\\jest-circus\\build\\jestAdapterInit.js:862:11)\n    at _runTestsForDescribeBlock (F:\\work\\students-management\\backend\\node_modules\\jest-circus\\build\\jestAdapterInit.js:857:11)\n    at _runTestsForDescribeBlock (F:\\work\\students-management\\backend\\node_modules\\jest-circus\\build\\jestAdapterInit.js:857:11)\n    at run (F:\\work\\students-management\\backend\\node_modules\\jest-circus\\build\\jestAdapterInit.js:761:3)\n    at runAndTransformResultsToJestFormat (F:\\work\\students-management\\backend\\node_modules\\jest-circus\\build\\jestAdapterInit.js:1918:21)\n    at jestAdapter (F:\\work\\students-management\\backend\\node_modules\\jest-circus\\build\\runner.js:101:19)\n    at runTestInternal (F:\\work\\students-management\\backend\\node_modules\\jest-runner\\build\\testWorker.js:275:16)\n    at runTest (F:\\work\\students-management\\backend\\node_modules\\jest-runner\\build\\testWorker.js:343:7)\n    at Object.worker (F:\\work\\students-management\\backend\\node_modules\\jest-runner\\build\\testWorker.js:497:12)\n----\n    at Test._assertStatus (F:\\work\\students-management\\backend\\node_modules\\supertest\\lib\\test.js:309:14)\n    at F:\\work\\students-management\\backend\\node_modules\\supertest\\lib\\test.js:365:13\n    at Test._assertFunction (F:\\work\\students-management\\backend\\node_modules\\supertest\\lib\\test.js:342:13)\n    at Test.assert (F:\\work\\students-management\\backend\\node_modules\\supertest\\lib\\test.js:195:23)\n    at localAssert (F:\\work\\students-management\\backend\\node_modules\\supertest\\lib\\test.js:138:14)\n    at Server.<anonymous> (F:\\work\\students-management\\backend\\node_modules\\supertest\\lib\\test.js:152:11)\n    at Object.onceWrapper (node:events:633:28)\n    at Server.emit (node:events:519:28)\n    at emitCloseNT (node:net:2340:8)\n    at processTicksAndRejections (node:internal/process/task_queues:81:21)"
          ],
          "fullName": "AcademicTermsController (e2e) GET /academic-terms student should access terms",
          "invocations": 1,
          "location": null,
          "numPassingAsserts": 0,
          "retryReasons": [],
          "startAt": 1769493779697,
          "status": "failed",
          "title": "student should access terms"
        },
        {
          "ancestorTitles": [
            "AcademicTermsController (e2e)",
            "GET /academic-terms/:id"
          ],
          "duration": 10,
          "failing": false,
          "failureDetails": [{}],
          "failureMessages": [
            "Error: expected 200 \"OK\", got 404 \"Not Found\"\n    at Object.<anonymous> (F:\\work\\students-management\\backend\\test\\academic-terms.e2e-spec.ts:187:10)\n    at Promise.finally.completed (F:\\work\\students-management\\backend\\node_modules\\jest-circus\\build\\jestAdapterInit.js:1557:28)\n    at new Promise (<anonymous>)\n    at callAsyncCircusFn (F:\\work\\students-management\\backend\\node_modules\\jest-circus\\build\\jestAdapterInit.js:1497:10)\n    at _callCircusTest (F:\\work\\students-management\\backend\\node_modules\\jest-circus\\build\\jestAdapterInit.js:1007:40)\n    at processTicksAndRejections (node:internal/process/task_queues:95:5)\n    at _runTest (F:\\work\\students-management\\backend\\node_modules\\jest-circus\\build\\jestAdapterInit.js:947:3)\n    at F:\\work\\students-management\\backend\\node_modules\\jest-circus\\build\\jestAdapterInit.js:849:7\n    at _runTestsForDescribeBlock (F:\\work\\students-management\\backend\\node_modules\\jest-circus\\build\\jestAdapterInit.js:862:11)\n    at _runTestsForDescribeBlock (F:\\work\\students-management\\backend\\node_modules\\jest-circus\\build\\jestAdapterInit.js:857:11)\n    at _runTestsForDescribeBlock (F:\\work\\students-management\\backend\\node_modules\\jest-circus\\build\\jestAdapterInit.js:857:11)\n    at run (F:\\work\\students-management\\backend\\node_modules\\jest-circus\\build\\jestAdapterInit.js:761:3)\n    at runAndTransformResultsToJestFormat (F:\\work\\students-management\\backend\\node_modules\\jest-circus\\build\\jestAdapterInit.js:1918:21)\n    at jestAdapter (F:\\work\\students-management\\backend\\node_modules\\jest-circus\\build\\runner.js:101:19)\n    at runTestInternal (F:\\work\\students-management\\backend\\node_modules\\jest-runner\\build\\testWorker.js:275:16)\n    at runTest (F:\\work\\students-management\\backend\\node_modules\\jest-runner\\build\\testWorker.js:343:7)\n    at Object.worker (F:\\work\\students-management\\backend\\node_modules\\jest-runner\\build\\testWorker.js:497:12)\n----\n    at Test._assertStatus (F:\\work\\students-management\\backend\\node_modules\\supertest\\lib\\test.js:309:14)\n    at F:\\work\\students-management\\backend\\node_modules\\supertest\\lib\\test.js:365:13\n    at Test._assertFunction (F:\\work\\students-management\\backend\\node_modules\\supertest\\lib\\test.js:342:13)\n    at Test.assert (F:\\work\\students-management\\backend\\node_modules\\supertest\\lib\\test.js:195:23)\n    at localAssert (F:\\work\\students-management\\backend\\node_modules\\supertest\\lib\\test.js:138:14)\n    at Server.<anonymous> (F:\\work\\students-management\\backend\\node_modules\\supertest\\lib\\test.js:152:11)\n    at Object.onceWrapper (node:events:633:28)\n    at Server.emit (node:events:519:28)\n    at emitCloseNT (node:net:2340:8)\n    at processTicksAndRejections (node:internal/process/task_queues:81:21)"
          ],
          "fullName": "AcademicTermsController (e2e) GET /academic-terms/:id should get term by ID",
          "invocations": 1,
          "location": null,
          "numPassingAsserts": 0,
          "retryReasons": [],
          "startAt": 1769493779727,
          "status": "failed",
          "title": "should get term by ID"
        },
        {
          "ancestorTitles": [
            "AcademicTermsController (e2e)",
            "GET /academic-terms/:id"
          ],
          "duration": 24,
          "failing": false,
          "failureDetails": [],
          "failureMessages": [],
          "fullName": "AcademicTermsController (e2e) GET /academic-terms/:id should return 404 for non-existent term",
          "invocations": 1,
          "location": null,
          "numPassingAsserts": 0,
          "retryReasons": [],
          "startAt": 1769493779737,
          "status": "passed",
          "title": "should return 404 for non-existent term"
        },
        {
          "ancestorTitles": [
            "AcademicTermsController (e2e)",
            "PATCH /academic-terms/:id"
          ],
          "duration": 12,
          "failing": false,
          "failureDetails": [{}],
          "failureMessages": [
            "Error: expected 200 \"OK\", got 404 \"Not Found\"\n    at Object.<anonymous> (F:\\work\\students-management\\backend\\test\\academic-terms.e2e-spec.ts:219:10)\n    at Promise.finally.completed (F:\\work\\students-management\\backend\\node_modules\\jest-circus\\build\\jestAdapterInit.js:1557:28)\n    at new Promise (<anonymous>)\n    at callAsyncCircusFn (F:\\work\\students-management\\backend\\node_modules\\jest-circus\\build\\jestAdapterInit.js:1497:10)\n    at _callCircusTest (F:\\work\\students-management\\backend\\node_modules\\jest-circus\\build\\jestAdapterInit.js:1007:40)\n    at processTicksAndRejections (node:internal/process/task_queues:95:5)\n    at _runTest (F:\\work\\students-management\\backend\\node_modules\\jest-circus\\build\\jestAdapterInit.js:947:3)\n    at F:\\work\\students-management\\backend\\node_modules\\jest-circus\\build\\jestAdapterInit.js:849:7\n    at _runTestsForDescribeBlock (F:\\work\\students-management\\backend\\node_modules\\jest-circus\\build\\jestAdapterInit.js:862:11)\n    at _runTestsForDescribeBlock (F:\\work\\students-management\\backend\\node_modules\\jest-circus\\build\\jestAdapterInit.js:857:11)\n    at _runTestsForDescribeBlock (F:\\work\\students-management\\backend\\node_modules\\jest-circus\\build\\jestAdapterInit.js:857:11)\n    at run (F:\\work\\students-management\\backend\\node_modules\\jest-circus\\build\\jestAdapterInit.js:761:3)\n    at runAndTransformResultsToJestFormat (F:\\work\\students-management\\backend\\node_modules\\jest-circus\\build\\jestAdapterInit.js:1918:21)\n    at jestAdapter (F:\\work\\students-management\\backend\\node_modules\\jest-circus\\build\\runner.js:101:19)\n    at runTestInternal (F:\\work\\students-management\\backend\\node_modules\\jest-runner\\build\\testWorker.js:275:16)\n    at runTest (F:\\work\\students-management\\backend\\node_modules\\jest-runner\\build\\testWorker.js:343:7)\n    at Object.worker (F:\\work\\students-management\\backend\\node_modules\\jest-runner\\build\\testWorker.js:497:12)\n----\n    at Test._assertStatus (F:\\work\\students-management\\backend\\node_modules\\supertest\\lib\\test.js:309:14)\n    at F:\\work\\students-management\\backend\\node_modules\\supertest\\lib\\test.js:365:13\n    at Test._assertFunction (F:\\work\\students-management\\backend\\node_modules\\supertest\\lib\\test.js:342:13)\n    at Test.assert (F:\\work\\students-management\\backend\\node_modules\\supertest\\lib\\test.js:195:23)\n    at localAssert (F:\\work\\students-management\\backend\\node_modules\\supertest\\lib\\test.js:138:14)\n    at Server.<anonymous> (F:\\work\\students-management\\backend\\node_modules\\supertest\\lib\\test.js:152:11)\n    at Object.onceWrapper (node:events:633:28)\n    at Server.emit (node:events:519:28)\n    at emitCloseNT (node:net:2340:8)\n    at processTicksAndRejections (node:internal/process/task_queues:81:21)"
          ],
          "fullName": "AcademicTermsController (e2e) PATCH /academic-terms/:id admin should update term",
          "invocations": 1,
          "location": null,
          "numPassingAsserts": 0,
          "retryReasons": [],
          "startAt": 1769493779769,
          "status": "failed",
          "title": "admin should update term"
        },
        {
          "ancestorTitles": [
            "AcademicTermsController (e2e)",
            "PATCH /academic-terms/:id"
          ],
          "duration": 11,
          "failing": false,
          "failureDetails": [{}],
          "failureMessages": [
            "Error: expected 403 \"Forbidden\", got 404 \"Not Found\"\n    at Object.<anonymous> (F:\\work\\students-management\\backend\\test\\academic-terms.e2e-spec.ts:230:10)\n    at Promise.finally.completed (F:\\work\\students-management\\backend\\node_modules\\jest-circus\\build\\jestAdapterInit.js:1557:28)\n    at new Promise (<anonymous>)\n    at callAsyncCircusFn (F:\\work\\students-management\\backend\\node_modules\\jest-circus\\build\\jestAdapterInit.js:1497:10)\n    at _callCircusTest (F:\\work\\students-management\\backend\\node_modules\\jest-circus\\build\\jestAdapterInit.js:1007:40)\n    at processTicksAndRejections (node:internal/process/task_queues:95:5)\n    at _runTest (F:\\work\\students-management\\backend\\node_modules\\jest-circus\\build\\jestAdapterInit.js:947:3)\n    at F:\\work\\students-management\\backend\\node_modules\\jest-circus\\build\\jestAdapterInit.js:849:7\n    at _runTestsForDescribeBlock (F:\\work\\students-management\\backend\\node_modules\\jest-circus\\build\\jestAdapterInit.js:862:11)\n    at _runTestsForDescribeBlock (F:\\work\\students-management\\backend\\node_modules\\jest-circus\\build\\jestAdapterInit.js:857:11)\n    at _runTestsForDescribeBlock (F:\\work\\students-management\\backend\\node_modules\\jest-circus\\build\\jestAdapterInit.js:857:11)\n    at run (F:\\work\\students-management\\backend\\node_modules\\jest-circus\\build\\jestAdapterInit.js:761:3)\n    at runAndTransformResultsToJestFormat (F:\\work\\students-management\\backend\\node_modules\\jest-circus\\build\\jestAdapterInit.js:1918:21)\n    at jestAdapter (F:\\work\\students-management\\backend\\node_modules\\jest-circus\\build\\runner.js:101:19)\n    at runTestInternal (F:\\work\\students-management\\backend\\node_modules\\jest-runner\\build\\testWorker.js:275:16)\n    at runTest (F:\\work\\students-management\\backend\\node_modules\\jest-runner\\build\\testWorker.js:343:7)\n    at Object.worker (F:\\work\\students-management\\backend\\node_modules\\jest-runner\\build\\testWorker.js:497:12)\n----\n    at Test._assertStatus (F:\\work\\students-management\\backend\\node_modules\\supertest\\lib\\test.js:309:14)\n    at F:\\work\\students-management\\backend\\node_modules\\supertest\\lib\\test.js:365:13\n    at Test._assertFunction (F:\\work\\students-management\\backend\\node_modules\\supertest\\lib\\test.js:342:13)\n    at Test.assert (F:\\work\\students-management\\backend\\node_modules\\supertest\\lib\\test.js:195:23)\n    at localAssert (F:\\work\\students-management\\backend\\node_modules\\supertest\\lib\\test.js:138:14)\n    at Server.<anonymous> (F:\\work\\students-management\\backend\\node_modules\\supertest\\lib\\test.js:152:11)\n    at Object.onceWrapper (node:events:633:28)\n    at Server.emit (node:events:519:28)\n    at emitCloseNT (node:net:2340:8)\n    at processTicksAndRejections (node:internal/process/task_queues:81:21)"
          ],
          "fullName": "AcademicTermsController (e2e) PATCH /academic-terms/:id non-admin should be rejected",
          "invocations": 1,
          "location": null,
          "numPassingAsserts": 0,
          "retryReasons": [],
          "startAt": 1769493779782,
          "status": "failed",
          "title": "non-admin should be rejected"
        },
        {
          "ancestorTitles": [
            "AcademicTermsController (e2e)",
            "DELETE /academic-terms/:id"
          ],
          "duration": 15,
          "failing": false,
          "failureDetails": [{}],
          "failureMessages": [
            "Error: expected 200 \"OK\", got 404 \"Not Found\"\n    at Object.<anonymous> (F:\\work\\students-management\\backend\\test\\academic-terms.e2e-spec.ts:241:10)\n    at processTicksAndRejections (node:internal/process/task_queues:95:5)\n----\n    at Test._assertStatus (F:\\work\\students-management\\backend\\node_modules\\supertest\\lib\\test.js:309:14)\n    at F:\\work\\students-management\\backend\\node_modules\\supertest\\lib\\test.js:365:13\n    at Test._assertFunction (F:\\work\\students-management\\backend\\node_modules\\supertest\\lib\\test.js:342:13)\n    at Test.assert (F:\\work\\students-management\\backend\\node_modules\\supertest\\lib\\test.js:195:23)\n    at localAssert (F:\\work\\students-management\\backend\\node_modules\\supertest\\lib\\test.js:138:14)\n    at Server.<anonymous> (F:\\work\\students-management\\backend\\node_modules\\supertest\\lib\\test.js:152:11)\n    at Object.onceWrapper (node:events:633:28)\n    at Server.emit (node:events:519:28)\n    at emitCloseNT (node:net:2340:8)\n    at processTicksAndRejections (node:internal/process/task_queues:81:21)"
          ],
          "fullName": "AcademicTermsController (e2e) DELETE /academic-terms/:id admin should delete term",
          "invocations": 1,
          "location": null,
          "numPassingAsserts": 0,
          "retryReasons": [],
          "startAt": 1769493779794,
          "status": "failed",
          "title": "admin should delete term"
        },
        {
          "ancestorTitles": [
            "AcademicTermsController (e2e)",
            "DELETE /academic-terms/:id"
          ],
          "duration": 19,
          "failing": false,
          "failureDetails": [{}],
          "failureMessages": [
            "Error: expected 403 \"Forbidden\", got 404 \"Not Found\"\n    at Object.<anonymous> (F:\\work\\students-management\\backend\\test\\academic-terms.e2e-spec.ts:256:10)\n    at processTicksAndRejections (node:internal/process/task_queues:95:5)\n----\n    at Test._assertStatus (F:\\work\\students-management\\backend\\node_modules\\supertest\\lib\\test.js:309:14)\n    at F:\\work\\students-management\\backend\\node_modules\\supertest\\lib\\test.js:365:13\n    at Test._assertFunction (F:\\work\\students-management\\backend\\node_modules\\supertest\\lib\\test.js:342:13)\n    at Test.assert (F:\\work\\students-management\\backend\\node_modules\\supertest\\lib\\test.js:195:23)\n    at localAssert (F:\\work\\students-management\\backend\\node_modules\\supertest\\lib\\test.js:138:14)\n    at Server.<anonymous> (F:\\work\\students-management\\backend\\node_modules\\supertest\\lib\\test.js:152:11)\n    at Object.onceWrapper (node:events:633:28)\n    at Server.emit (node:events:519:28)\n    at emitCloseNT (node:net:2340:8)\n    at processTicksAndRejections (node:internal/process/task_queues:81:21)"
          ],
          "fullName": "AcademicTermsController (e2e) DELETE /academic-terms/:id non-admin should be rejected",
          "invocations": 1,
          "location": null,
          "numPassingAsserts": 0,
          "retryReasons": [],
          "startAt": 1769493779809,
          "status": "failed",
          "title": "non-admin should be rejected"
        }
      ],
      "endTime": 1769493780045,
      "message": "  ● AcademicTermsController (e2e) › POST /academic-terms › admin should create academic term\n\n    expected 201 \"Created\", got 404 \"Not Found\"\n\n    \u001b[0m \u001b[90m 67 |\u001b[39m           is_active\u001b[33m:\u001b[39m \u001b[36mfalse\u001b[39m\u001b[33m,\u001b[39m\n     \u001b[90m 68 |\u001b[39m         })\n    \u001b[31m\u001b[1m>\u001b[22m\u001b[39m\u001b[90m 69 |\u001b[39m         \u001b[33m.\u001b[39mexpect(\u001b[35m201\u001b[39m)\u001b[33m;\u001b[39m\n     \u001b[90m    |\u001b[39m          \u001b[31m\u001b[1m^\u001b[22m\u001b[39m\n     \u001b[90m 70 |\u001b[39m\n     \u001b[90m 71 |\u001b[39m       expect(response\u001b[33m.\u001b[39mbody)\u001b[33m.\u001b[39mtoHaveProperty(\u001b[32m'id'\u001b[39m)\u001b[33m;\u001b[39m\n     \u001b[90m 72 |\u001b[39m       expect(response\u001b[33m.\u001b[39mbody\u001b[33m.\u001b[39mname)\u001b[33m.\u001b[39mtoContain(\u001b[33mTEST_PREFIX\u001b[39m)\u001b[33m;\u001b[39m\u001b[0m\n\n      at Object.<anonymous> (academic-terms.e2e-spec.ts:69:10)\n      ----\n      at Test._assertStatus (../node_modules/supertest/lib/test.js:309:14)\n      at ../node_modules/supertest/lib/test.js:365:13\n      at Test._assertFunction (../node_modules/supertest/lib/test.js:342:13)\n      at Test.assert (../node_modules/supertest/lib/test.js:195:23)\n      at localAssert (../node_modules/supertest/lib/test.js:138:14)\n      at Server.<anonymous> (../node_modules/supertest/lib/test.js:152:11)\n\n  ● AcademicTermsController (e2e) › POST /academic-terms › should validate date range (start < end)\n\n    expected 400 \"Bad Request\", got 404 \"Not Found\"\n\n    \u001b[0m \u001b[90m 86 |\u001b[39m           is_active\u001b[33m:\u001b[39m \u001b[36mfalse\u001b[39m\u001b[33m,\u001b[39m\n     \u001b[90m 87 |\u001b[39m         })\n    \u001b[31m\u001b[1m>\u001b[22m\u001b[39m\u001b[90m 88 |\u001b[39m         \u001b[33m.\u001b[39mexpect(\u001b[35m400\u001b[39m)\u001b[33m;\u001b[39m\n     \u001b[90m    |\u001b[39m          \u001b[31m\u001b[1m^\u001b[22m\u001b[39m\n     \u001b[90m 89 |\u001b[39m     })\u001b[33m;\u001b[39m\n     \u001b[90m 90 |\u001b[39m\n     \u001b[90m 91 |\u001b[39m     it(\u001b[32m'should reject duplicate name'\u001b[39m\u001b[33m,\u001b[39m \u001b[36masync\u001b[39m () \u001b[33m=>\u001b[39m {\u001b[0m\n\n      at Object.<anonymous> (academic-terms.e2e-spec.ts:88:10)\n      ----\n      at Test._assertStatus (../node_modules/supertest/lib/test.js:309:14)\n      at ../node_modules/supertest/lib/test.js:365:13\n      at Test._assertFunction (../node_modules/supertest/lib/test.js:342:13)\n      at Test.assert (../node_modules/supertest/lib/test.js:195:23)\n      at localAssert (../node_modules/supertest/lib/test.js:138:14)\n      at Server.<anonymous> (../node_modules/supertest/lib/test.js:152:11)\n\n  ● AcademicTermsController (e2e) › POST /academic-terms › should reject duplicate name\n\n    expected 201 \"Created\", got 404 \"Not Found\"\n\n    \u001b[0m \u001b[90m 103 |\u001b[39m           end_date\u001b[33m:\u001b[39m \u001b[32m`${year}-06-30`\u001b[39m\u001b[33m,\u001b[39m\n     \u001b[90m 104 |\u001b[39m         })\n    \u001b[31m\u001b[1m>\u001b[22m\u001b[39m\u001b[90m 105 |\u001b[39m         \u001b[33m.\u001b[39mexpect(\u001b[35m201\u001b[39m)\u001b[33m;\u001b[39m\n     \u001b[90m     |\u001b[39m          \u001b[31m\u001b[1m^\u001b[22m\u001b[39m\n     \u001b[90m 106 |\u001b[39m\n     \u001b[90m 107 |\u001b[39m       \u001b[90m// Try duplicate\u001b[39m\n     \u001b[90m 108 |\u001b[39m       \u001b[36mawait\u001b[39m request(app\u001b[33m.\u001b[39mgetHttpServer())\u001b[0m\n\n      at Object.<anonymous> (academic-terms.e2e-spec.ts:105:10)\n      ----\n      at Test._assertStatus (../node_modules/supertest/lib/test.js:309:14)\n      at ../node_modules/supertest/lib/test.js:365:13\n      at Test._assertFunction (../node_modules/supertest/lib/test.js:342:13)\n      at Test.assert (../node_modules/supertest/lib/test.js:195:23)\n      at localAssert (../node_modules/supertest/lib/test.js:138:14)\n      at Server.<anonymous> (../node_modules/supertest/lib/test.js:152:11)\n\n  ● AcademicTermsController (e2e) › POST /academic-terms › non-admin should be rejected\n\n    expected 403 \"Forbidden\", got 404 \"Not Found\"\n\n    \u001b[0m \u001b[90m 129 |\u001b[39m           end_date\u001b[33m:\u001b[39m \u001b[32m`${year}-06-30`\u001b[39m\u001b[33m,\u001b[39m\n     \u001b[90m 130 |\u001b[39m         })\n    \u001b[31m\u001b[1m>\u001b[22m\u001b[39m\u001b[90m 131 |\u001b[39m         \u001b[33m.\u001b[39mexpect(\u001b[35m403\u001b[39m)\u001b[33m;\u001b[39m\n     \u001b[90m     |\u001b[39m          \u001b[31m\u001b[1m^\u001b[22m\u001b[39m\n     \u001b[90m 132 |\u001b[39m     })\u001b[33m;\u001b[39m\n     \u001b[90m 133 |\u001b[39m   })\u001b[33m;\u001b[39m\n     \u001b[90m 134 |\u001b[39m\u001b[0m\n\n      at Object.<anonymous> (academic-terms.e2e-spec.ts:131:10)\n      ----\n      at Test._assertStatus (../node_modules/supertest/lib/test.js:309:14)\n      at ../node_modules/supertest/lib/test.js:365:13\n      at Test._assertFunction (../node_modules/supertest/lib/test.js:342:13)\n      at Test.assert (../node_modules/supertest/lib/test.js:195:23)\n      at localAssert (../node_modules/supertest/lib/test.js:138:14)\n      at Server.<anonymous> (../node_modules/supertest/lib/test.js:152:11)\n\n  ● AcademicTermsController (e2e) › GET /academic-terms › admin should get all terms\n\n    expected 200 \"OK\", got 404 \"Not Found\"\n\n    \u001b[0m \u001b[90m 145 |\u001b[39m         \u001b[33m.\u001b[39m\u001b[36mget\u001b[39m(endpoint)\n     \u001b[90m 146 |\u001b[39m         \u001b[33m.\u001b[39m\u001b[36mset\u001b[39m(\u001b[32m'Authorization'\u001b[39m\u001b[33m,\u001b[39m \u001b[32m`Bearer ${adminAuth.accessToken}`\u001b[39m)\n    \u001b[31m\u001b[1m>\u001b[22m\u001b[39m\u001b[90m 147 |\u001b[39m         \u001b[33m.\u001b[39mexpect(\u001b[35m200\u001b[39m)\u001b[33m;\u001b[39m\n     \u001b[90m     |\u001b[39m          \u001b[31m\u001b[1m^\u001b[22m\u001b[39m\n     \u001b[90m 148 |\u001b[39m\n     \u001b[90m 149 |\u001b[39m       expect(response\u001b[33m.\u001b[39mbody)\u001b[33m.\u001b[39mtoHaveProperty(\u001b[32m'items'\u001b[39m)\u001b[33m;\u001b[39m\n     \u001b[90m 150 |\u001b[39m       expect(response\u001b[33m.\u001b[39mbody)\u001b[33m.\u001b[39mtoHaveProperty(\u001b[32m'total'\u001b[39m)\u001b[33m;\u001b[39m\u001b[0m\n\n      at Object.<anonymous> (academic-terms.e2e-spec.ts:147:10)\n      ----\n      at Test._assertStatus (../node_modules/supertest/lib/test.js:309:14)\n      at ../node_modules/supertest/lib/test.js:365:13\n      at Test._assertFunction (../node_modules/supertest/lib/test.js:342:13)\n      at Test.assert (../node_modules/supertest/lib/test.js:195:23)\n      at localAssert (../node_modules/supertest/lib/test.js:138:14)\n      at Server.<anonymous> (../node_modules/supertest/lib/test.js:152:11)\n\n  ● AcademicTermsController (e2e) › GET /academic-terms › teacher should access terms\n\n    expected 200 \"OK\", got 404 \"Not Found\"\n\n    \u001b[0m \u001b[90m 156 |\u001b[39m         \u001b[33m.\u001b[39m\u001b[36mget\u001b[39m(endpoint)\n     \u001b[90m 157 |\u001b[39m         \u001b[33m.\u001b[39m\u001b[36mset\u001b[39m(\u001b[32m'Authorization'\u001b[39m\u001b[33m,\u001b[39m \u001b[32m`Bearer ${teacherAuth.accessToken}`\u001b[39m)\n    \u001b[31m\u001b[1m>\u001b[22m\u001b[39m\u001b[90m 158 |\u001b[39m         \u001b[33m.\u001b[39mexpect(\u001b[35m200\u001b[39m)\u001b[33m;\u001b[39m\n     \u001b[90m     |\u001b[39m          \u001b[31m\u001b[1m^\u001b[22m\u001b[39m\n     \u001b[90m 159 |\u001b[39m\n     \u001b[90m 160 |\u001b[39m       expect(response\u001b[33m.\u001b[39mbody)\u001b[33m.\u001b[39mtoHaveProperty(\u001b[32m'items'\u001b[39m)\u001b[33m;\u001b[39m\n     \u001b[90m 161 |\u001b[39m       expect(\u001b[33mArray\u001b[39m\u001b[33m.\u001b[39misArray(response\u001b[33m.\u001b[39mbody\u001b[33m.\u001b[39mitems))\u001b[33m.\u001b[39mtoBe(\u001b[36mtrue\u001b[39m)\u001b[33m;\u001b[39m\u001b[0m\n\n      at Object.<anonymous> (academic-terms.e2e-spec.ts:158:10)\n      ----\n      at Test._assertStatus (../node_modules/supertest/lib/test.js:309:14)\n      at ../node_modules/supertest/lib/test.js:365:13\n      at Test._assertFunction (../node_modules/supertest/lib/test.js:342:13)\n      at Test.assert (../node_modules/supertest/lib/test.js:195:23)\n      at localAssert (../node_modules/supertest/lib/test.js:138:14)\n      at Server.<anonymous> (../node_modules/supertest/lib/test.js:152:11)\n\n  ● AcademicTermsController (e2e) › GET /academic-terms › student should access terms\n\n    expected 200 \"OK\", got 404 \"Not Found\"\n\n    \u001b[0m \u001b[90m 166 |\u001b[39m         \u001b[33m.\u001b[39m\u001b[36mget\u001b[39m(endpoint)\n     \u001b[90m 167 |\u001b[39m         \u001b[33m.\u001b[39m\u001b[36mset\u001b[39m(\u001b[32m'Authorization'\u001b[39m\u001b[33m,\u001b[39m \u001b[32m`Bearer ${studentAuth.accessToken}`\u001b[39m)\n    \u001b[31m\u001b[1m>\u001b[22m\u001b[39m\u001b[90m 168 |\u001b[39m         \u001b[33m.\u001b[39mexpect(\u001b[35m200\u001b[39m)\u001b[33m;\u001b[39m\n     \u001b[90m     |\u001b[39m          \u001b[31m\u001b[1m^\u001b[22m\u001b[39m\n     \u001b[90m 169 |\u001b[39m\n     \u001b[90m 170 |\u001b[39m       expect(response\u001b[33m.\u001b[39mbody)\u001b[33m.\u001b[39mtoHaveProperty(\u001b[32m'items'\u001b[39m)\u001b[33m;\u001b[39m\n     \u001b[90m 171 |\u001b[39m       expect(\u001b[33mArray\u001b[39m\u001b[33m.\u001b[39misArray(response\u001b[33m.\u001b[39mbody\u001b[33m.\u001b[39mitems))\u001b[33m.\u001b[39mtoBe(\u001b[36mtrue\u001b[39m)\u001b[33m;\u001b[39m\u001b[0m\n\n      at Object.<anonymous> (academic-terms.e2e-spec.ts:168:10)\n      ----\n      at Test._assertStatus (../node_modules/supertest/lib/test.js:309:14)\n      at ../node_modules/supertest/lib/test.js:365:13\n      at Test._assertFunction (../node_modules/supertest/lib/test.js:342:13)\n      at Test.assert (../node_modules/supertest/lib/test.js:195:23)\n      at localAssert (../node_modules/supertest/lib/test.js:138:14)\n      at Server.<anonymous> (../node_modules/supertest/lib/test.js:152:11)\n\n  ● AcademicTermsController (e2e) › GET /academic-terms/:id › should get term by ID\n\n    expected 200 \"OK\", got 404 \"Not Found\"\n\n    \u001b[0m \u001b[90m 185 |\u001b[39m         \u001b[33m.\u001b[39m\u001b[36mget\u001b[39m(\u001b[32m`/academic-terms/${testTermId}`\u001b[39m)\n     \u001b[90m 186 |\u001b[39m         \u001b[33m.\u001b[39m\u001b[36mset\u001b[39m(\u001b[32m'Authorization'\u001b[39m\u001b[33m,\u001b[39m \u001b[32m`Bearer ${adminAuth.accessToken}`\u001b[39m)\n    \u001b[31m\u001b[1m>\u001b[22m\u001b[39m\u001b[90m 187 |\u001b[39m         \u001b[33m.\u001b[39mexpect(\u001b[35m200\u001b[39m)\u001b[33m;\u001b[39m\n     \u001b[90m     |\u001b[39m          \u001b[31m\u001b[1m^\u001b[22m\u001b[39m\n     \u001b[90m 188 |\u001b[39m\n     \u001b[90m 189 |\u001b[39m       expect(response\u001b[33m.\u001b[39mbody\u001b[33m.\u001b[39mid)\u001b[33m.\u001b[39mtoBe(testTermId)\u001b[33m;\u001b[39m\n     \u001b[90m 190 |\u001b[39m       expect(response\u001b[33m.\u001b[39mbody)\u001b[33m.\u001b[39mtoHaveProperty(\u001b[32m'name'\u001b[39m)\u001b[33m;\u001b[39m\u001b[0m\n\n      at Object.<anonymous> (academic-terms.e2e-spec.ts:187:10)\n      ----\n      at Test._assertStatus (../node_modules/supertest/lib/test.js:309:14)\n      at ../node_modules/supertest/lib/test.js:365:13\n      at Test._assertFunction (../node_modules/supertest/lib/test.js:342:13)\n      at Test.assert (../node_modules/supertest/lib/test.js:195:23)\n      at localAssert (../node_modules/supertest/lib/test.js:138:14)\n      at Server.<anonymous> (../node_modules/supertest/lib/test.js:152:11)\n\n  ● AcademicTermsController (e2e) › PATCH /academic-terms/:id › admin should update term\n\n    expected 200 \"OK\", got 404 \"Not Found\"\n\n    \u001b[0m \u001b[90m 217 |\u001b[39m           is_active\u001b[33m:\u001b[39m \u001b[36mtrue\u001b[39m\u001b[33m,\u001b[39m\n     \u001b[90m 218 |\u001b[39m         })\n    \u001b[31m\u001b[1m>\u001b[22m\u001b[39m\u001b[90m 219 |\u001b[39m         \u001b[33m.\u001b[39mexpect(\u001b[35m200\u001b[39m)\u001b[33m;\u001b[39m\n     \u001b[90m     |\u001b[39m          \u001b[31m\u001b[1m^\u001b[22m\u001b[39m\n     \u001b[90m 220 |\u001b[39m\n     \u001b[90m 221 |\u001b[39m       expect(response\u001b[33m.\u001b[39mbody\u001b[33m.\u001b[39mname)\u001b[33m.\u001b[39mtoBe(\u001b[32m`${TEST_PREFIX} Updated Term`\u001b[39m)\u001b[33m;\u001b[39m\n     \u001b[90m 222 |\u001b[39m       expect(response\u001b[33m.\u001b[39mbody\u001b[33m.\u001b[39misActive)\u001b[33m.\u001b[39mtoBe(\u001b[36mtrue\u001b[39m)\u001b[33m;\u001b[39m\u001b[0m\n\n      at Object.<anonymous> (academic-terms.e2e-spec.ts:219:10)\n      ----\n      at Test._assertStatus (../node_modules/supertest/lib/test.js:309:14)\n      at ../node_modules/supertest/lib/test.js:365:13\n      at Test._assertFunction (../node_modules/supertest/lib/test.js:342:13)\n      at Test.assert (../node_modules/supertest/lib/test.js:195:23)\n      at localAssert (../node_modules/supertest/lib/test.js:138:14)\n      at Server.<anonymous> (../node_modules/supertest/lib/test.js:152:11)\n\n  ● AcademicTermsController (e2e) › PATCH /academic-terms/:id › non-admin should be rejected\n\n    expected 403 \"Forbidden\", got 404 \"Not Found\"\n\n    \u001b[0m \u001b[90m 228 |\u001b[39m         \u001b[33m.\u001b[39m\u001b[36mset\u001b[39m(\u001b[32m'Authorization'\u001b[39m\u001b[33m,\u001b[39m \u001b[32m`Bearer ${teacherAuth.accessToken}`\u001b[39m)\n     \u001b[90m 229 |\u001b[39m         \u001b[33m.\u001b[39msend({ name\u001b[33m:\u001b[39m \u001b[32m'Hacked'\u001b[39m })\n    \u001b[31m\u001b[1m>\u001b[22m\u001b[39m\u001b[90m 230 |\u001b[39m         \u001b[33m.\u001b[39mexpect(\u001b[35m403\u001b[39m)\u001b[33m;\u001b[39m\n     \u001b[90m     |\u001b[39m          \u001b[31m\u001b[1m^\u001b[22m\u001b[39m\n     \u001b[90m 231 |\u001b[39m     })\u001b[33m;\u001b[39m\n     \u001b[90m 232 |\u001b[39m   })\u001b[33m;\u001b[39m\n     \u001b[90m 233 |\u001b[39m\u001b[0m\n\n      at Object.<anonymous> (academic-terms.e2e-spec.ts:230:10)\n      ----\n      at Test._assertStatus (../node_modules/supertest/lib/test.js:309:14)\n      at ../node_modules/supertest/lib/test.js:365:13\n      at Test._assertFunction (../node_modules/supertest/lib/test.js:342:13)\n      at Test.assert (../node_modules/supertest/lib/test.js:195:23)\n      at localAssert (../node_modules/supertest/lib/test.js:138:14)\n      at Server.<anonymous> (../node_modules/supertest/lib/test.js:152:11)\n\n  ● AcademicTermsController (e2e) › DELETE /academic-terms/:id › admin should delete term\n\n    expected 200 \"OK\", got 404 \"Not Found\"\n\n    \u001b[0m \u001b[90m 239 |\u001b[39m         \u001b[33m.\u001b[39m\u001b[36mdelete\u001b[39m(\u001b[32m`/academic-terms/${term.id}`\u001b[39m)\n     \u001b[90m 240 |\u001b[39m         \u001b[33m.\u001b[39m\u001b[36mset\u001b[39m(\u001b[32m'Authorization'\u001b[39m\u001b[33m,\u001b[39m \u001b[32m`Bearer ${adminAuth.accessToken}`\u001b[39m)\n    \u001b[31m\u001b[1m>\u001b[22m\u001b[39m\u001b[90m 241 |\u001b[39m         \u001b[33m.\u001b[39mexpect(\u001b[35m200\u001b[39m)\u001b[33m;\u001b[39m\n     \u001b[90m     |\u001b[39m          \u001b[31m\u001b[1m^\u001b[22m\u001b[39m\n     \u001b[90m 242 |\u001b[39m\n     \u001b[90m 243 |\u001b[39m       \u001b[90m// Verify deleted\u001b[39m\n     \u001b[90m 244 |\u001b[39m       \u001b[36mawait\u001b[39m request(app\u001b[33m.\u001b[39mgetHttpServer())\u001b[0m\n\n      at Object.<anonymous> (academic-terms.e2e-spec.ts:241:10)\n      ----\n      at Test._assertStatus (../node_modules/supertest/lib/test.js:309:14)\n      at ../node_modules/supertest/lib/test.js:365:13\n      at Test._assertFunction (../node_modules/supertest/lib/test.js:342:13)\n      at Test.assert (../node_modules/supertest/lib/test.js:195:23)\n      at localAssert (../node_modules/supertest/lib/test.js:138:14)\n      at Server.<anonymous> (../node_modules/supertest/lib/test.js:152:11)\n\n  ● AcademicTermsController (e2e) › DELETE /academic-terms/:id › non-admin should be rejected\n\n    expected 403 \"Forbidden\", got 404 \"Not Found\"\n\n    \u001b[0m \u001b[90m 254 |\u001b[39m         \u001b[33m.\u001b[39m\u001b[36mdelete\u001b[39m(\u001b[32m`/academic-terms/${term.id}`\u001b[39m)\n     \u001b[90m 255 |\u001b[39m         \u001b[33m.\u001b[39m\u001b[36mset\u001b[39m(\u001b[32m'Authorization'\u001b[39m\u001b[33m,\u001b[39m \u001b[32m`Bearer ${teacherAuth.accessToken}`\u001b[39m)\n    \u001b[31m\u001b[1m>\u001b[22m\u001b[39m\u001b[90m 256 |\u001b[39m         \u001b[33m.\u001b[39mexpect(\u001b[35m403\u001b[39m)\u001b[33m;\u001b[39m\n     \u001b[90m     |\u001b[39m          \u001b[31m\u001b[1m^\u001b[22m\u001b[39m\n     \u001b[90m 257 |\u001b[39m     })\u001b[33m;\u001b[39m\n     \u001b[90m 258 |\u001b[39m   })\u001b[33m;\u001b[39m\n     \u001b[90m 259 |\u001b[39m })\u001b[33m;\u001b[39m\u001b[0m\n\n      at Object.<anonymous> (academic-terms.e2e-spec.ts:256:10)\n      ----\n      at Test._assertStatus (../node_modules/supertest/lib/test.js:309:14)\n      at ../node_modules/supertest/lib/test.js:365:13\n      at Test._assertFunction (../node_modules/supertest/lib/test.js:342:13)\n      at Test.assert (../node_modules/supertest/lib/test.js:195:23)\n      at localAssert (../node_modules/supertest/lib/test.js:138:14)\n      at Server.<anonymous> (../node_modules/supertest/lib/test.js:152:11)\n",
      "name": "F:\\work\\students-management\\backend\\test\\academic-terms.e2e-spec.ts",
      "startTime": 1769493757522,
      "status": "failed",
      "summary": ""
    },
    {
      "assertionResults": [
        {
          "ancestorTitles": ["TeachersController (e2e)", "POST /api/teachers"],
          "duration": 250,
          "failing": false,
          "failureDetails": [],
          "failureMessages": [],
          "fullName": "TeachersController (e2e) POST /api/teachers admin should create teacher profile",
          "invocations": 1,
          "location": null,
          "numPassingAsserts": 3,
          "retryReasons": [],
          "startAt": 1769493779486,
          "status": "passed",
          "title": "admin should create teacher profile"
        },
        {
          "ancestorTitles": ["TeachersController (e2e)", "POST /api/teachers"],
          "duration": 434,
          "failing": false,
          "failureDetails": [],
          "failureMessages": [],
          "fullName": "TeachersController (e2e) POST /api/teachers should validate employee_id uniqueness",
          "invocations": 1,
          "location": null,
          "numPassingAsserts": 0,
          "retryReasons": [],
          "startAt": 1769493779738,
          "status": "passed",
          "title": "should validate employee_id uniqueness"
        },
        {
          "ancestorTitles": ["TeachersController (e2e)", "POST /api/teachers"],
          "duration": 236,
          "failing": false,
          "failureDetails": [],
          "failureMessages": [],
          "fullName": "TeachersController (e2e) POST /api/teachers non-admin should be rejected",
          "invocations": 1,
          "location": null,
          "numPassingAsserts": 0,
          "retryReasons": [],
          "startAt": 1769493780172,
          "status": "passed",
          "title": "non-admin should be rejected"
        },
        {
          "ancestorTitles": ["TeachersController (e2e)", "POST /api/teachers"],
          "duration": 297,
          "failing": false,
          "failureDetails": [],
          "failureMessages": [],
          "fullName": "TeachersController (e2e) POST /api/teachers should reject non-teacher user",
          "invocations": 1,
          "location": null,
          "numPassingAsserts": 0,
          "retryReasons": [],
          "startAt": 1769493780409,
          "status": "passed",
          "title": "should reject non-teacher user"
        },
        {
          "ancestorTitles": ["TeachersController (e2e)", "GET /api/teachers"],
          "duration": 49,
          "failing": false,
          "failureDetails": [],
          "failureMessages": [],
          "fullName": "TeachersController (e2e) GET /api/teachers should return paginated teachers",
          "invocations": 1,
          "location": null,
          "numPassingAsserts": 5,
          "retryReasons": [],
          "startAt": 1769493781046,
          "status": "passed",
          "title": "should return paginated teachers"
        },
        {
          "ancestorTitles": ["TeachersController (e2e)", "GET /api/teachers"],
          "duration": 28,
          "failing": false,
          "failureDetails": [],
          "failureMessages": [],
          "fullName": "TeachersController (e2e) GET /api/teachers teacher should access teacher list",
          "invocations": 1,
          "location": null,
          "numPassingAsserts": 1,
          "retryReasons": [],
          "startAt": 1769493781096,
          "status": "passed",
          "title": "teacher should access teacher list"
        },
        {
          "ancestorTitles": ["TeachersController (e2e)", "GET /api/teachers"],
          "duration": 13,
          "failing": false,
          "failureDetails": [],
          "failureMessages": [],
          "fullName": "TeachersController (e2e) GET /api/teachers student should be rejected",
          "invocations": 1,
          "location": null,
          "numPassingAsserts": 0,
          "retryReasons": [],
          "startAt": 1769493781125,
          "status": "passed",
          "title": "student should be rejected"
        },
        {
          "ancestorTitles": [
            "TeachersController (e2e)",
            "GET /api/teachers/:id"
          ],
          "duration": 46,
          "failing": false,
          "failureDetails": [],
          "failureMessages": [],
          "fullName": "TeachersController (e2e) GET /api/teachers/:id should get teacher by ID",
          "invocations": 1,
          "location": null,
          "numPassingAsserts": 2,
          "retryReasons": [],
          "startAt": 1769493781320,
          "status": "passed",
          "title": "should get teacher by ID"
        },
        {
          "ancestorTitles": [
            "TeachersController (e2e)",
            "GET /api/teachers/:id"
          ],
          "duration": 23,
          "failing": false,
          "failureDetails": [],
          "failureMessages": [],
          "fullName": "TeachersController (e2e) GET /api/teachers/:id should return 404 for non-existent",
          "invocations": 1,
          "location": null,
          "numPassingAsserts": 0,
          "retryReasons": [],
          "startAt": 1769493781366,
          "status": "passed",
          "title": "should return 404 for non-existent"
        },
        {
          "ancestorTitles": [
            "TeachersController (e2e)",
            "GET /api/teachers/user/:userId"
          ],
          "duration": 37,
          "failing": false,
          "failureDetails": [],
          "failureMessages": [],
          "fullName": "TeachersController (e2e) GET /api/teachers/user/:userId should get teacher by user ID",
          "invocations": 1,
          "location": null,
          "numPassingAsserts": 1,
          "retryReasons": [],
          "startAt": 1769493781559,
          "status": "passed",
          "title": "should get teacher by user ID"
        },
        {
          "ancestorTitles": [
            "TeachersController (e2e)",
            "GET /api/teachers/user/:userId"
          ],
          "duration": 200,
          "failing": false,
          "failureDetails": [],
          "failureMessages": [],
          "fullName": "TeachersController (e2e) GET /api/teachers/user/:userId should return 404 if no profile exists",
          "invocations": 1,
          "location": null,
          "numPassingAsserts": 0,
          "retryReasons": [],
          "startAt": 1769493781597,
          "status": "passed",
          "title": "should return 404 if no profile exists"
        },
        {
          "ancestorTitles": [
            "TeachersController (e2e)",
            "PUT /api/teachers/:id"
          ],
          "duration": 38,
          "failing": false,
          "failureDetails": [],
          "failureMessages": [],
          "fullName": "TeachersController (e2e) PUT /api/teachers/:id admin should update teacher",
          "invocations": 1,
          "location": null,
          "numPassingAsserts": 3,
          "retryReasons": [],
          "startAt": 1769493781952,
          "status": "passed",
          "title": "admin should update teacher"
        },
        {
          "ancestorTitles": [
            "TeachersController (e2e)",
            "PUT /api/teachers/:id"
          ],
          "duration": 14,
          "failing": false,
          "failureDetails": [],
          "failureMessages": [],
          "fullName": "TeachersController (e2e) PUT /api/teachers/:id non-admin should be rejected",
          "invocations": 1,
          "location": null,
          "numPassingAsserts": 0,
          "retryReasons": [],
          "startAt": 1769493781990,
          "status": "passed",
          "title": "non-admin should be rejected"
        },
        {
          "ancestorTitles": [
            "TeachersController (e2e)",
            "DELETE /api/teachers/:id"
          ],
          "duration": 206,
          "failing": false,
          "failureDetails": [],
          "failureMessages": [],
          "fullName": "TeachersController (e2e) DELETE /api/teachers/:id admin should delete teacher",
          "invocations": 1,
          "location": null,
          "numPassingAsserts": 0,
          "retryReasons": [],
          "startAt": 1769493782005,
          "status": "passed",
          "title": "admin should delete teacher"
        },
        {
          "ancestorTitles": [
            "TeachersController (e2e)",
            "DELETE /api/teachers/:id"
          ],
          "duration": 186,
          "failing": false,
          "failureDetails": [],
          "failureMessages": [],
          "fullName": "TeachersController (e2e) DELETE /api/teachers/:id non-admin should be rejected",
          "invocations": 1,
          "location": null,
          "numPassingAsserts": 0,
          "retryReasons": [],
          "startAt": 1769493782211,
          "status": "passed",
          "title": "non-admin should be rejected"
        }
      ],
      "endTime": 1769493782472,
      "message": "",
      "name": "F:\\work\\students-management\\backend\\test\\teachers.e2e-spec.ts",
      "startTime": 1769493757629,
      "status": "passed",
      "summary": ""
    },
    {
      "assertionResults": [
        {
          "ancestorTitles": ["Students (e2e)", "POST /api/students"],
          "duration": 93,
          "failing": false,
          "failureDetails": [],
          "failureMessages": [],
          "fullName": "Students (e2e) POST /api/students should create a new student for admin",
          "invocations": 1,
          "location": null,
          "numPassingAsserts": 2,
          "retryReasons": [],
          "startAt": 1769493787555,
          "status": "passed",
          "title": "should create a new student for admin"
        },
        {
          "ancestorTitles": ["Students (e2e)", "POST /api/students"],
          "duration": 14,
          "failing": false,
          "failureDetails": [],
          "failureMessages": [],
          "fullName": "Students (e2e) POST /api/students should reject creation by non-admin",
          "invocations": 1,
          "location": null,
          "numPassingAsserts": 0,
          "retryReasons": [],
          "startAt": 1769493787649,
          "status": "passed",
          "title": "should reject creation by non-admin"
        },
        {
          "ancestorTitles": ["Students (e2e)", "POST /api/students"],
          "duration": 16,
          "failing": false,
          "failureDetails": [],
          "failureMessages": [],
          "fullName": "Students (e2e) POST /api/students should reject invalid student_id format",
          "invocations": 1,
          "location": null,
          "numPassingAsserts": 0,
          "retryReasons": [],
          "startAt": 1769493787664,
          "status": "passed",
          "title": "should reject invalid student_id format"
        },
        {
          "ancestorTitles": ["Students (e2e)", "GET /api/students"],
          "duration": 40,
          "failing": false,
          "failureDetails": [],
          "failureMessages": [],
          "fullName": "Students (e2e) GET /api/students should return paginated students for admin",
          "invocations": 1,
          "location": null,
          "numPassingAsserts": 5,
          "retryReasons": [],
          "startAt": 1769493787681,
          "status": "passed",
          "title": "should return paginated students for admin"
        },
        {
          "ancestorTitles": ["Students (e2e)", "GET /api/students"],
          "duration": 28,
          "failing": false,
          "failureDetails": [],
          "failureMessages": [],
          "fullName": "Students (e2e) GET /api/students should return paginated students for teacher",
          "invocations": 1,
          "location": null,
          "numPassingAsserts": 0,
          "retryReasons": [],
          "startAt": 1769493787721,
          "status": "passed",
          "title": "should return paginated students for teacher"
        },
        {
          "ancestorTitles": ["Students (e2e)", "GET /api/students"],
          "duration": 12,
          "failing": false,
          "failureDetails": [],
          "failureMessages": [],
          "fullName": "Students (e2e) GET /api/students should reject request from students",
          "invocations": 1,
          "location": null,
          "numPassingAsserts": 0,
          "retryReasons": [],
          "startAt": 1769493787749,
          "status": "passed",
          "title": "should reject request from students"
        },
        {
          "ancestorTitles": ["Students (e2e)", "GET /api/students"],
          "duration": 29,
          "failing": false,
          "failureDetails": [],
          "failureMessages": [],
          "fullName": "Students (e2e) GET /api/students should support search by student ID",
          "invocations": 1,
          "location": null,
          "numPassingAsserts": 0,
          "retryReasons": [],
          "startAt": 1769493787762,
          "status": "passed",
          "title": "should support search by student ID"
        },
        {
          "ancestorTitles": ["Students (e2e)", "GET /api/students"],
          "duration": 25,
          "failing": false,
          "failureDetails": [],
          "failureMessages": [],
          "fullName": "Students (e2e) GET /api/students should support pagination",
          "invocations": 1,
          "location": null,
          "numPassingAsserts": 2,
          "retryReasons": [],
          "startAt": 1769493787791,
          "status": "passed",
          "title": "should support pagination"
        },
        {
          "ancestorTitles": ["Students (e2e)", "GET /api/students/:id"],
          "duration": 40,
          "failing": false,
          "failureDetails": [],
          "failureMessages": [],
          "fullName": "Students (e2e) GET /api/students/:id should return student by id for admin",
          "invocations": 1,
          "location": null,
          "numPassingAsserts": 2,
          "retryReasons": [],
          "startAt": 1769493787816,
          "status": "passed",
          "title": "should return student by id for admin"
        },
        {
          "ancestorTitles": ["Students (e2e)", "GET /api/students/:id"],
          "duration": 12,
          "failing": false,
          "failureDetails": [],
          "failureMessages": [],
          "fullName": "Students (e2e) GET /api/students/:id should return student by id for teacher",
          "invocations": 1,
          "location": null,
          "numPassingAsserts": 0,
          "retryReasons": [],
          "startAt": 1769493787856,
          "status": "passed",
          "title": "should return student by id for teacher"
        },
        {
[...]
          "title": "should return 404 for non-existent folder"
        },
        {
          "ancestorTitles": [
            "Uploads (e2e)",
            "GET /api/uploads/exists/:folder/:filename (Check File Exists)"
          ],
          "duration": 44,
          "failing": false,
          "failureDetails": [],
          "failureMessages": [],
          "fullName": "Uploads (e2e) GET /api/uploads/exists/:folder/:filename (Check File Exists) should return exists: true for existing file",
          "invocations": 1,
          "location": null,
          "numPassingAsserts": 2,
          "retryReasons": [],
          "startAt": 1769493815406,
          "status": "passed",
          "title": "should return exists: true for existing file"
        },
        {
          "ancestorTitles": [
            "Uploads (e2e)",
            "GET /api/uploads/exists/:folder/:filename (Check File Exists)"
          ],
          "duration": 31,
          "failing": false,
          "failureDetails": [],
          "failureMessages": [],
          "fullName": "Uploads (e2e) GET /api/uploads/exists/:folder/:filename (Check File Exists) should return exists: false for non-existent file",
          "invocations": 1,
          "location": null,
          "numPassingAsserts": 2,
          "retryReasons": [],
          "startAt": 1769493815450,
          "status": "passed",
          "title": "should return exists: false for non-existent file"
        },
        {
          "ancestorTitles": [
            "Uploads (e2e)",
            "GET /api/uploads/exists/:folder/:filename (Check File Exists)"
          ],
          "duration": 29,
          "failing": false,
          "failureDetails": [],
          "failureMessages": [],
          "fullName": "Uploads (e2e) GET /api/uploads/exists/:folder/:filename (Check File Exists) should allow student to check file existence",
          "invocations": 1,
          "location": null,
          "numPassingAsserts": 1,
          "retryReasons": [],
          "startAt": 1769493815481,
          "status": "passed",
          "title": "should allow student to check file existence"
        },
        {
          "ancestorTitles": [
            "Uploads (e2e)",
            "DELETE /api/uploads/:folder/:filename (Delete File)"
          ],
          "duration": 70,
          "failing": false,
          "failureDetails": [],
          "failureMessages": [],
          "fullName": "Uploads (e2e) DELETE /api/uploads/:folder/:filename (Delete File) should delete a file successfully as admin",
          "invocations": 1,
          "location": null,
          "numPassingAsserts": 3,
          "retryReasons": [],
          "startAt": 1769493815529,
          "status": "passed",
          "title": "should delete a file successfully as admin"
        },
        {
          "ancestorTitles": [
            "Uploads (e2e)",
            "DELETE /api/uploads/:folder/:filename (Delete File)"
          ],
          "duration": 136,
          "failing": false,
          "failureDetails": [],
          "failureMessages": [],
          "fullName": "Uploads (e2e) DELETE /api/uploads/:folder/:filename (Delete File) should reject delete from teacher (admin only)",
          "invocations": 1,
          "location": null,
          "numPassingAsserts": 0,
          "retryReasons": [],
          "startAt": 1769493815599,
          "status": "passed",
          "title": "should reject delete from teacher (admin only)"
        },
        {
          "ancestorTitles": [
            "Uploads (e2e)",
            "DELETE /api/uploads/:folder/:filename (Delete File)"
          ],
          "duration": 101,
          "failing": false,
          "failureDetails": [],
          "failureMessages": [],
          "fullName": "Uploads (e2e) DELETE /api/uploads/:folder/:filename (Delete File) should reject delete from student (admin only)",
          "invocations": 1,
          "location": null,
          "numPassingAsserts": 0,
          "retryReasons": [],
          "startAt": 1769493815735,
          "status": "passed",
          "title": "should reject delete from student (admin only)"
        },
        {
          "ancestorTitles": [
            "Uploads (e2e)",
            "DELETE /api/uploads/:folder/:filename (Delete File)"
          ],
          "duration": 63,
          "failing": false,
          "failureDetails": [],
          "failureMessages": [],
          "fullName": "Uploads (e2e) DELETE /api/uploads/:folder/:filename (Delete File) should reject delete without authentication",
          "invocations": 1,
          "location": null,
          "numPassingAsserts": 0,
          "retryReasons": [],
          "startAt": 1769493815836,
          "status": "passed",
          "title": "should reject delete without authentication"
        },
        {
          "ancestorTitles": [
            "Uploads (e2e)",
            "DELETE /api/uploads/:folder/:filename (Delete File)"
          ],
          "duration": 68,
          "failing": false,
          "failureDetails": [],
          "failureMessages": [],
          "fullName": "Uploads (e2e) DELETE /api/uploads/:folder/:filename (Delete File) should return 404 when deleting non-existent file",
          "invocations": 1,
          "location": null,
          "numPassingAsserts": 0,
          "retryReasons": [],
          "startAt": 1769493815900,
          "status": "passed",
          "title": "should return 404 when deleting non-existent file"
        },
        {
          "ancestorTitles": ["Uploads (e2e)", "Authorization Edge Cases"],
          "duration": 17,
          "failing": false,
          "failureDetails": [],
          "failureMessages": [],
          "fullName": "Uploads (e2e) Authorization Edge Cases should reject requests with invalid token",
          "invocations": 1,
          "location": null,
          "numPassingAsserts": 0,
          "retryReasons": [],
          "startAt": 1769493815969,
          "status": "passed",
          "title": "should reject requests with invalid token"
        },
        {
          "ancestorTitles": ["Uploads (e2e)", "Authorization Edge Cases"],
          "duration": 11,
          "failing": false,
          "failureDetails": [],
          "failureMessages": [],
          "fullName": "Uploads (e2e) Authorization Edge Cases should reject requests with expired token format",
          "invocations": 1,
          "location": null,
          "numPassingAsserts": 0,
          "retryReasons": [],
          "startAt": 1769493815987,
          "status": "passed",
          "title": "should reject requests with expired token format"
        },
        {
          "ancestorTitles": ["Uploads (e2e)", "Authorization Edge Cases"],
          "duration": 14,
          "failing": false,
          "failureDetails": [],
          "failureMessages": [],
          "fullName": "Uploads (e2e) Authorization Edge Cases should reject requests with malformed authorization header",
          "invocations": 1,
          "location": null,
          "numPassingAsserts": 0,
          "retryReasons": [],
          "startAt": 1769493815999,
          "status": "passed",
          "title": "should reject requests with malformed authorization header"
        }
      ],
      "endTime": 1769493816099,
      "message": "",
      "name": "F:\\work\\students-management\\backend\\test\\uploads.e2e-spec.ts",
      "startTime": 1769493806587,
      "status": "passed",
      "summary": ""
    },
    {
      "assertionResults": [
        {
          "ancestorTitles": ["Attendance (e2e)", "POST /api/attendance"],
          "duration": 129,
          "failing": false,
          "failureDetails": [],
          "failureMessages": [],
          "fullName": "Attendance (e2e) POST /api/attendance should create attendance for admin",
          "invocations": 1,
          "location": null,
          "numPassingAsserts": 2,
          "retryReasons": [],
          "startAt": 1769493817391,
          "status": "passed",
          "title": "should create attendance for admin"
        },
        {
          "ancestorTitles": ["Attendance (e2e)", "POST /api/attendance"],
          "duration": 38,
          "failing": false,
          "failureDetails": [],
          "failureMessages": [],
          "fullName": "Attendance (e2e) POST /api/attendance should create attendance for teacher",
          "invocations": 1,
          "location": null,
          "numPassingAsserts": 1,
          "retryReasons": [],
          "startAt": 1769493817522,
          "status": "passed",
          "title": "should create attendance for teacher"
        },
        {
          "ancestorTitles": ["Attendance (e2e)", "POST /api/attendance"],
          "duration": 14,
          "failing": false,
          "failureDetails": [],
          "failureMessages": [],
          "fullName": "Attendance (e2e) POST /api/attendance should reject attendance creation by student",
          "invocations": 1,
          "location": null,
          "numPassingAsserts": 0,
          "retryReasons": [],
          "startAt": 1769493817561,
          "status": "passed",
          "title": "should reject attendance creation by student"
        },
        {
          "ancestorTitles": ["Attendance (e2e)", "GET /api/attendance"],
          "duration": 85,
          "failing": false,
          "failureDetails": [],
          "failureMessages": [],
          "fullName": "Attendance (e2e) GET /api/attendance should return attendance records for admin",
          "invocations": 1,
          "location": null,
          "numPassingAsserts": 2,
          "retryReasons": [],
          "startAt": 1769493817576,
          "status": "passed",
          "title": "should return attendance records for admin"
        },
        {
          "ancestorTitles": ["Attendance (e2e)", "GET /api/attendance"],
          "duration": 40,
          "failing": false,
          "failureDetails": [],
          "failureMessages": [],
          "fullName": "Attendance (e2e) GET /api/attendance should return attendance for teacher",
          "invocations": 1,
          "location": null,
          "numPassingAsserts": 0,
          "retryReasons": [],
          "startAt": 1769493817661,
          "status": "passed",
          "title": "should return attendance for teacher"
        },
        {
          "ancestorTitles": ["Attendance (e2e)", "GET /api/attendance/:id"],
          "duration": 36,
          "failing": false,
          "failureDetails": [],
          "failureMessages": [],
          "fullName": "Attendance (e2e) GET /api/attendance/:id should return attendance by id for admin",
          "invocations": 1,
          "location": null,
          "numPassingAsserts": 1,
          "retryReasons": [],
          "startAt": 1769493817701,
          "status": "passed",
          "title": "should return attendance by id for admin"
        },
        {
          "ancestorTitles": ["Attendance (e2e)", "GET /api/attendance/:id"],
          "duration": 25,
          "failing": false,
          "failureDetails": [],
          "failureMessages": [],
          "fullName": "Attendance (e2e) GET /api/attendance/:id should return 404 for non-existent attendance",
          "invocations": 1,
          "location": null,
          "numPassingAsserts": 0,
          "retryReasons": [],
          "startAt": 1769493817738,
          "status": "passed",
          "title": "should return 404 for non-existent attendance"
        },
        {
          "ancestorTitles": ["Attendance (e2e)", "PUT /api/attendance/:id"],
          "duration": 38,
          "failing": false,
          "failureDetails": [],
          "failureMessages": [],
          "fullName": "Attendance (e2e) PUT /api/attendance/:id should update attendance for admin",
          "invocations": 1,
          "location": null,
          "numPassingAsserts": 1,
          "retryReasons": [],
          "startAt": 1769493817764,
          "status": "passed",
          "title": "should update attendance for admin"
        },
        {
          "ancestorTitles": ["Attendance (e2e)", "PUT /api/attendance/:id"],
          "duration": 13,
          "failing": false,
          "failureDetails": [],
          "failureMessages": [],
          "fullName": "Attendance (e2e) PUT /api/attendance/:id should reject update by student",
          "invocations": 1,
          "location": null,
          "numPassingAsserts": 0,
          "retryReasons": [],
          "startAt": 1769493817803,
          "status": "passed",
          "title": "should reject update by student"
        },
        {
          "ancestorTitles": ["Attendance (e2e)", "DELETE /api/attendance/:id"],
          "duration": 14,
          "failing": false,
          "failureDetails": [],
          "failureMessages": [],
          "fullName": "Attendance (e2e) DELETE /api/attendance/:id should reject deletion by student",
          "invocations": 1,
          "location": null,
          "numPassingAsserts": 0,
          "retryReasons": [],
          "startAt": 1769493817817,
          "status": "passed",
          "title": "should reject deletion by student"
        },
        {
          "ancestorTitles": ["Attendance (e2e)", "DELETE /api/attendance/:id"],
          "duration": 35,
          "failing": false,
          "failureDetails": [],
          "failureMessages": [],
          "fullName": "Attendance (e2e) DELETE /api/attendance/:id should delete attendance for admin",
          "invocations": 1,
          "location": null,
          "numPassingAsserts": 1,
          "retryReasons": [],
          "startAt": 1769493817831,
          "status": "passed",
          "title": "should delete attendance for admin"
        }
      ],
      "endTime": 1769493817944,
      "message": "",
      "name": "F:\\work\\students-management\\backend\\test\\attendance.e2e-spec.ts",
      "startTime": 1769493809776,
      "status": "passed",
      "summary": ""
    },
    {
      "assertionResults": [
        {
          "ancestorTitles": ["Enrollments (e2e)", "POST /api/enrollments"],
          "duration": 96,
          "failing": false,
          "failureDetails": [],
          "failureMessages": [],
          "fullName": "Enrollments (e2e) POST /api/enrollments should create a new enrollment for admin",
          "invocations": 1,
          "location": null,
          "numPassingAsserts": 2,
          "retryReasons": [],
          "startAt": 1769493822282,
          "status": "passed",
          "title": "should create a new enrollment for admin"
        },
        {
          "ancestorTitles": ["Enrollments (e2e)", "POST /api/enrollments"],
          "duration": 21,
          "failing": false,
          "failureDetails": [],
          "failureMessages": [],
          "fullName": "Enrollments (e2e) POST /api/enrollments should reject duplicate enrollment",
          "invocations": 1,
          "location": null,
          "numPassingAsserts": 1,
          "retryReasons": [],
          "startAt": 1769493822379,
          "status": "passed",
          "title": "should reject duplicate enrollment"
        },
        {
          "ancestorTitles": ["Enrollments (e2e)", "POST /api/enrollments"],
          "duration": 11,
          "failing": false,
          "failureDetails": [],
          "failureMessages": [],
          "fullName": "Enrollments (e2e) POST /api/enrollments should reject enrollment by student",
          "invocations": 1,
          "location": null,
          "numPassingAsserts": 1,
          "retryReasons": [],
          "startAt": 1769493822400,
          "status": "passed",
          "title": "should reject enrollment by student"
        },
        {
          "ancestorTitles": ["Enrollments (e2e)", "GET /api/enrollments"],
          "duration": 33,
          "failing": false,
          "failureDetails": [],
          "failureMessages": [],
          "fullName": "Enrollments (e2e) GET /api/enrollments should return enrollments for admin",
          "invocations": 1,
          "location": null,
          "numPassingAsserts": 2,
          "retryReasons": [],
          "startAt": 1769493822412,
          "status": "passed",
          "title": "should return enrollments for admin"
        },
        {
          "ancestorTitles": ["Enrollments (e2e)", "GET /api/enrollments"],
          "duration": 24,
          "failing": false,
          "failureDetails": [],
          "failureMessages": [],
          "fullName": "Enrollments (e2e) GET /api/enrollments should return enrollments for teacher",
          "invocations": 1,
          "location": null,
          "numPassingAsserts": 0,
          "retryReasons": [],
          "startAt": 1769493822446,
          "status": "passed",
          "title": "should return enrollments for teacher"
        },
        {
          "ancestorTitles": ["Enrollments (e2e)", "GET /api/enrollments/:id"],
          "duration": 36,
          "failing": false,
          "failureDetails": [],
          "failureMessages": [],
          "fullName": "Enrollments (e2e) GET /api/enrollments/:id should return enrollment by id for admin",
          "invocations": 1,
          "location": null,
          "numPassingAsserts": 1,
          "retryReasons": [],
          "startAt": 1769493822470,
          "status": "passed",
          "title": "should return enrollment by id for admin"
        },
        {
          "ancestorTitles": ["Enrollments (e2e)", "GET /api/enrollments/:id"],
          "duration": 21,
          "failing": false,
          "failureDetails": [],
          "failureMessages": [],
          "fullName": "Enrollments (e2e) GET /api/enrollments/:id should return 404 for non-existent enrollment",
          "invocations": 1,
          "location": null,
          "numPassingAsserts": 0,
          "retryReasons": [],
          "startAt": 1769493822506,
          "status": "passed",
          "title": "should return 404 for non-existent enrollment"
        },
        {
          "ancestorTitles": ["Enrollments (e2e)", "PUT /api/enrollments/:id"],
          "duration": 30,
          "failing": false,
          "failureDetails": [],
          "failureMessages": [],
          "fullName": "Enrollments (e2e) PUT /api/enrollments/:id should update enrollment for admin",
          "invocations": 1,
          "location": null,
          "numPassingAsserts": 1,
          "retryReasons": [],
          "startAt": 1769493822527,
          "status": "passed",
          "title": "should update enrollment for admin"
        },
        {
          "ancestorTitles": [
            "Enrollments (e2e)",
            "DELETE /api/enrollments/:id"
          ],
          "duration": 11,
          "failing": false,
          "failureDetails": [],
          "failureMessages": [],
          "fullName": "Enrollments (e2e) DELETE /api/enrollments/:id should reject deletion by student",
          "invocations": 1,
          "location": null,
          "numPassingAsserts": 1,
          "retryReasons": [],
          "startAt": 1769493822558,
          "status": "passed",
          "title": "should reject deletion by student"
        },
        {
          "ancestorTitles": [
            "Enrollments (e2e)",
            "DELETE /api/enrollments/:id"
          ],
          "duration": 25,
          "failing": false,
          "failureDetails": [],
          "failureMessages": [],
          "fullName": "Enrollments (e2e) DELETE /api/enrollments/:id should delete enrollment for admin",
          "invocations": 1,
          "location": null,
          "numPassingAsserts": 1,
          "retryReasons": [],
          "startAt": 1769493822569,
          "status": "passed",
          "title": "should delete enrollment for admin"
        }
      ],
      "endTime": 1769493822656,
      "message": "",
      "name": "F:\\work\\students-management\\backend\\test\\enrollments.e2e-spec.ts",
      "startTime": 1769493815786,
      "status": "passed",
      "summary": ""
    }
  ],
  "wasInterrupted": false
}
